{"/home/travis/build/npmtest/node-npmtest-hjson/test.js":{"path":"/home/travis/build/npmtest/node-npmtest-hjson/test.js","s":{"1":2,"2":2,"3":2,"4":2,"5":2,"6":2,"7":2,"8":1,"9":2,"10":2,"11":1,"12":1,"13":1,"14":1,"15":2,"16":2,"17":2,"18":2,"19":1,"20":1,"21":2,"22":2,"23":2,"24":1,"25":1,"26":1,"27":1,"28":1,"29":1,"30":1,"31":1,"32":1,"33":1,"34":1,"35":1,"36":1,"37":2,"38":2,"39":1,"40":2,"41":2,"42":1,"43":2,"44":2,"45":1,"46":2,"47":2,"48":1,"49":1,"50":1,"51":1,"52":1},"b":{"1":[2,1,1,1],"2":[1,1,1,1],"3":[1,1],"4":[1,1],"5":[1,1],"6":[1,1],"7":[1,1],"8":[1,1],"9":[1,1,1],"10":[1,1],"11":[1,1],"12":[1,1],"13":[1,1],"14":[1,1],"15":[1,1],"16":[1,1]},"f":{"1":2,"2":2,"3":2,"4":2,"5":2,"6":1,"7":1,"8":2,"9":2,"10":2,"11":2,"12":1},"fnMap":{"1":{"name":"(anonymous_1)","line":12,"loc":{"start":{"line":12,"column":1},"end":{"line":12,"column":13}}},"2":{"name":"(anonymous_2)","line":19,"loc":{"start":{"line":19,"column":5},"end":{"line":19,"column":17}}},"3":{"name":"(anonymous_3)","line":23,"loc":{"start":{"line":23,"column":24},"end":{"line":23,"column":36}}},"4":{"name":"(anonymous_4)","line":61,"loc":{"start":{"line":61,"column":5},"end":{"line":61,"column":17}}},"5":{"name":"(anonymous_5)","line":82,"loc":{"start":{"line":82,"column":5},"end":{"line":82,"column":17}}},"6":{"name":"(anonymous_6)","line":102,"loc":{"start":{"line":102,"column":83},"end":{"line":105,"column":10}},"skip":true},"7":{"name":"(anonymous_7)","line":113,"loc":{"start":{"line":113,"column":77},"end":{"line":116,"column":10}},"skip":true},"8":{"name":"(anonymous_8)","line":129,"loc":{"start":{"line":129,"column":12},"end":{"line":129,"column":40}},"skip":true},"9":{"name":"(anonymous_9)","line":137,"loc":{"start":{"line":137,"column":77},"end":{"line":140,"column":10}},"skip":true},"10":{"name":"(anonymous_10)","line":148,"loc":{"start":{"line":148,"column":83},"end":{"line":151,"column":10}},"skip":true},"11":{"name":"(anonymous_11)","line":159,"loc":{"start":{"line":159,"column":79},"end":{"line":162,"column":10}},"skip":true},"12":{"name":"(anonymous_12)","line":170,"loc":{"start":{"line":170,"column":75},"end":{"line":173,"column":10}},"skip":true}},"statementMap":{"1":{"start":{"line":12,"column":0},"end":{"line":185,"column":5}},"2":{"start":{"line":14,"column":4},"end":{"line":14,"column":14}},"3":{"start":{"line":19,"column":4},"end":{"line":56,"column":9}},"4":{"start":{"line":21,"column":8},"end":{"line":21,"column":19}},"5":{"start":{"line":23,"column":8},"end":{"line":35,"column":13}},"6":{"start":{"line":24,"column":12},"end":{"line":34,"column":13}},"7":{"start":{"line":25,"column":16},"end":{"line":28,"column":30}},"8":{"start":{"line":30,"column":16},"end":{"line":33,"column":27}},"9":{"start":{"line":37,"column":8},"end":{"line":39,"column":21}},"10":{"start":{"line":40,"column":8},"end":{"line":53,"column":9}},"11":{"start":{"line":43,"column":12},"end":{"line":46,"column":14}},"12":{"start":{"line":47,"column":12},"end":{"line":47,"column":18}},"13":{"start":{"line":50,"column":12},"end":{"line":51,"column":46}},"14":{"start":{"line":52,"column":12},"end":{"line":52,"column":18}},"15":{"start":{"line":55,"column":8},"end":{"line":55,"column":35}},"16":{"start":{"line":61,"column":4},"end":{"line":63,"column":9}},"17":{"start":{"line":62,"column":8},"end":{"line":62,"column":15}},"18":{"start":{"line":64,"column":4},"end":{"line":77,"column":5}},"19":{"start":{"line":70,"column":8},"end":{"line":70,"column":14}},"20":{"start":{"line":76,"column":8},"end":{"line":76,"column":14}},"21":{"start":{"line":82,"column":4},"end":{"line":84,"column":9}},"22":{"start":{"line":83,"column":8},"end":{"line":83,"column":15}},"23":{"start":{"line":85,"column":4},"end":{"line":184,"column":5}},"24":{"start":{"line":92,"column":8},"end":{"line":94,"column":63}},"25":{"start":{"line":95,"column":8},"end":{"line":95,"column":14}},"26":{"start":{"line":102,"column":8},"end":{"line":111,"column":10},"skip":true},"27":{"start":{"line":109,"column":12},"end":{"line":109,"column":55},"skip":true},"28":{"start":{"line":110,"column":12},"end":{"line":110,"column":48},"skip":true},"29":{"start":{"line":113,"column":8},"end":{"line":126,"column":10},"skip":true},"30":{"start":{"line":120,"column":12},"end":{"line":120,"column":76},"skip":true},"31":{"start":{"line":121,"column":12},"end":{"line":121,"column":73},"skip":true},"32":{"start":{"line":122,"column":12},"end":{"line":122,"column":74},"skip":true},"33":{"start":{"line":123,"column":12},"end":{"line":123,"column":79},"skip":true},"34":{"start":{"line":124,"column":12},"end":{"line":124,"column":25},"skip":true},"35":{"start":{"line":125,"column":12},"end":{"line":125,"column":45},"skip":true},"36":{"start":{"line":128,"column":8},"end":{"line":135,"column":14},"skip":true},"37":{"start":{"line":133,"column":16},"end":{"line":133,"column":29},"skip":true},"38":{"start":{"line":134,"column":16},"end":{"line":134,"column":55},"skip":true},"39":{"start":{"line":137,"column":8},"end":{"line":146,"column":10},"skip":true},"40":{"start":{"line":144,"column":12},"end":{"line":144,"column":25},"skip":true},"41":{"start":{"line":145,"column":12},"end":{"line":145,"column":45},"skip":true},"42":{"start":{"line":148,"column":8},"end":{"line":157,"column":10},"skip":true},"43":{"start":{"line":155,"column":12},"end":{"line":155,"column":25},"skip":true},"44":{"start":{"line":156,"column":12},"end":{"line":156,"column":48},"skip":true},"45":{"start":{"line":159,"column":8},"end":{"line":168,"column":10},"skip":true},"46":{"start":{"line":166,"column":12},"end":{"line":166,"column":25},"skip":true},"47":{"start":{"line":167,"column":12},"end":{"line":167,"column":46},"skip":true},"48":{"start":{"line":170,"column":8},"end":{"line":179,"column":10},"skip":true},"49":{"start":{"line":177,"column":12},"end":{"line":177,"column":94},"skip":true},"50":{"start":{"line":178,"column":12},"end":{"line":178,"column":48},"skip":true},"51":{"start":{"line":182,"column":8},"end":{"line":182,"column":35},"skip":true},"52":{"start":{"line":183,"column":8},"end":{"line":183,"column":14},"skip":true}},"branchMap":{"1":{"line":25,"type":"binary-expr","locations":[{"start":{"line":25,"column":23},"end":{"line":25,"column":62}},{"start":{"line":26,"column":20},"end":{"line":26,"column":70}},{"start":{"line":27,"column":20},"end":{"line":27,"column":71}},{"start":{"line":28,"column":20},"end":{"line":28,"column":29}}]},"2":{"line":30,"type":"binary-expr","locations":[{"start":{"line":30,"column":23},"end":{"line":30,"column":37}},{"start":{"line":31,"column":20},"end":{"line":31,"column":61}},{"start":{"line":32,"column":20},"end":{"line":32,"column":70}},{"start":{"line":33,"column":20},"end":{"line":33,"column":26}}]},"3":{"line":37,"type":"cond-expr","locations":[{"start":{"line":38,"column":14},"end":{"line":38,"column":20}},{"start":{"line":39,"column":14},"end":{"line":39,"column":20}}]},"4":{"line":40,"type":"switch","locations":[{"start":{"line":42,"column":8},"end":{"line":47,"column":18}},{"start":{"line":49,"column":8},"end":{"line":52,"column":18}}]},"5":{"line":44,"type":"binary-expr","locations":[{"start":{"line":44,"column":16},"end":{"line":44,"column":44}},{"start":{"line":44,"column":48},"end":{"line":44,"column":66}}]},"6":{"line":50,"type":"binary-expr","locations":[{"start":{"line":50,"column":21},"end":{"line":50,"column":49}},{"start":{"line":50,"column":53},"end":{"line":50,"column":72}}]},"7":{"line":64,"type":"switch","locations":[{"start":{"line":69,"column":4},"end":{"line":70,"column":14}},{"start":{"line":75,"column":4},"end":{"line":76,"column":14}}]},"8":{"line":85,"type":"switch","locations":[{"start":{"line":90,"column":4},"end":{"line":95,"column":14}},{"start":{"line":101,"column":4},"end":{"line":183,"column":14},"skip":true}]},"9":{"line":92,"type":"binary-expr","locations":[{"start":{"line":92,"column":18},"end":{"line":92,"column":32}},{"start":{"line":93,"column":12},"end":{"line":93,"column":53}},{"start":{"line":94,"column":12},"end":{"line":94,"column":61}}]},"10":{"line":102,"type":"binary-expr","locations":[{"start":{"line":102,"column":45},"end":{"line":102,"column":79},"skip":true},{"start":{"line":102,"column":83},"end":{"line":111,"column":9},"skip":true}]},"11":{"line":113,"type":"binary-expr","locations":[{"start":{"line":113,"column":42},"end":{"line":113,"column":73},"skip":true},{"start":{"line":113,"column":77},"end":{"line":126,"column":9},"skip":true}]},"12":{"line":128,"type":"binary-expr","locations":[{"start":{"line":128,"column":48},"end":{"line":128,"column":85},"skip":true},{"start":{"line":129,"column":12},"end":{"line":135,"column":13},"skip":true}]},"13":{"line":137,"type":"binary-expr","locations":[{"start":{"line":137,"column":42},"end":{"line":137,"column":73},"skip":true},{"start":{"line":137,"column":77},"end":{"line":146,"column":9},"skip":true}]},"14":{"line":148,"type":"binary-expr","locations":[{"start":{"line":148,"column":45},"end":{"line":148,"column":79},"skip":true},{"start":{"line":148,"column":83},"end":{"line":157,"column":9},"skip":true}]},"15":{"line":159,"type":"binary-expr","locations":[{"start":{"line":159,"column":43},"end":{"line":159,"column":75},"skip":true},{"start":{"line":159,"column":79},"end":{"line":168,"column":9},"skip":true}]},"16":{"line":170,"type":"binary-expr","locations":[{"start":{"line":170,"column":41},"end":{"line":170,"column":71},"skip":true},{"start":{"line":170,"column":75},"end":{"line":179,"column":9},"skip":true}]}},"code":["/* istanbul instrument in package npmtest_hjson */","/*jslint","    bitwise: true,","    browser: true,","    maxerr: 8,","    maxlen: 96,","    node: true,","    nomen: true,","    regexp: true,","    stupid: true","*/","(function () {","    'use strict';","    var local;","","","","    // run shared js-env code - pre-init","    (function () {","        // init local","        local = {};","        // init modeJs","        local.modeJs = (function () {","            try {","                return typeof navigator.userAgent === 'string' &&","                    typeof document.querySelector('body') === 'object' &&","                    typeof XMLHttpRequest.prototype.open === 'function' &&","                    'browser';","            } catch (errorCaughtBrowser) {","                return module.exports &&","                    typeof process.versions.node === 'string' &&","                    typeof require('http').createServer === 'function' &&","                    'node';","            }","        }());","        // init global","        local.global = local.modeJs === 'browser'","            ? window","            : global;","        switch (local.modeJs) {","        // re-init local from window.local","        case 'browser':","            local = local.global.utility2.objectSetDefault(","                local.global.utility2_rollup || local.global.local,","                local.global.utility2","            );","            break;","        // re-init local from example.js","        case 'node':","            local = (local.global.utility2_rollup || require('utility2'))","                .requireExampleJsFromReadme();","            break;","        }","        // export local","        local.global.local = local;","    }());","","","","    // run shared js-env code - function","    (function () {","        return;","    }());","    switch (local.modeJs) {","","","","    // run browser js-env code - function","    case 'browser':","        break;","","","","    // run node js-env code - function","    case 'node':","        break;","    }","","","","    // run shared js-env code - post-init","    (function () {","        return;","    }());","    switch (local.modeJs) {","","","","    // run browser js-env code - post-init","    case 'browser':","        // run tests","        local.nop(local.modeTest &&","            document.querySelector('#testRunButton1') &&","            document.querySelector('#testRunButton1').click());","        break;","","","","    // run node js-env code - post-init","    /* istanbul ignore next */","    case 'node':","        local.testCase_buildApidoc_default = local.testCase_buildApidoc_default || function (","            options,","            onError","        ) {","        /*","         * this function will test buildApidoc's default handling-behavior-behavior","         */","            options = { modulePathList: module.paths };","            local.buildApidoc(options, onError);","        };","","        local.testCase_buildApp_default = local.testCase_buildApp_default || function (","            options,","            onError","        ) {","        /*","         * this function will test buildApp's default handling-behavior-behavior","         */","            local.testCase_buildReadme_default(options, local.onErrorThrow);","            local.testCase_buildLib_default(options, local.onErrorThrow);","            local.testCase_buildTest_default(options, local.onErrorThrow);","            local.testCase_buildCustomOrg_default(options, local.onErrorThrow);","            options = [];","            local.buildApp(options, onError);","        };","","        local.testCase_buildCustomOrg_default = local.testCase_buildCustomOrg_default ||","            function (options, onError) {","            /*","             * this function will test buildCustomOrg's default handling-behavior","             */","                options = {};","                local.buildCustomOrg(options, onError);","            };","","        local.testCase_buildLib_default = local.testCase_buildLib_default || function (","            options,","            onError","        ) {","        /*","         * this function will test buildLib's default handling-behavior","         */","            options = {};","            local.buildLib(options, onError);","        };","","        local.testCase_buildReadme_default = local.testCase_buildReadme_default || function (","            options,","            onError","        ) {","        /*","         * this function will test buildReadme's default handling-behavior-behavior","         */","            options = {};","            local.buildReadme(options, onError);","        };","","        local.testCase_buildTest_default = local.testCase_buildTest_default || function (","            options,","            onError","        ) {","        /*","         * this function will test buildTest's default handling-behavior","         */","            options = {};","            local.buildTest(options, onError);","        };","","        local.testCase_webpage_default = local.testCase_webpage_default || function (","            options,","            onError","        ) {","        /*","         * this function will test webpage's default handling-behavior","         */","            options = { modeCoverageMerge: true, url: local.serverLocalHost + '?modeTest=1' };","            local.browserTest(options, onError);","        };","","        // run test-server","        local.testRunServer(local);","        break;","    }","}());",""],"l":{"12":2,"14":2,"19":2,"21":2,"23":2,"24":2,"25":2,"30":1,"37":2,"40":2,"43":1,"47":1,"50":1,"52":1,"55":2,"61":2,"62":2,"64":2,"70":1,"76":1,"82":2,"83":2,"85":2,"92":1,"95":1,"102":1,"109":1,"110":1,"113":1,"120":1,"121":1,"122":1,"123":1,"124":1,"125":1,"128":1,"133":2,"134":2,"137":1,"144":2,"145":2,"148":1,"155":2,"156":2,"159":1,"166":2,"167":2,"170":1,"177":1,"178":1,"182":1,"183":1}},"/home/travis/build/npmtest/node-npmtest-hjson/lib.npmtest_hjson.js":{"path":"/home/travis/build/npmtest/node-npmtest-hjson/lib.npmtest_hjson.js","s":{"1":2,"2":2,"3":2,"4":2,"5":2,"6":2,"7":2,"8":1,"9":2,"10":2,"11":2,"12":2,"13":1,"14":1,"15":1,"16":1},"b":{"1":[2,1,1,1],"2":[1,1,1,1],"3":[1,1],"4":[2,2],"5":[1,1]},"f":{"1":2,"2":2,"3":2},"fnMap":{"1":{"name":"(anonymous_1)","line":12,"loc":{"start":{"line":12,"column":1},"end":{"line":12,"column":13}}},"2":{"name":"(anonymous_2)","line":19,"loc":{"start":{"line":19,"column":5},"end":{"line":19,"column":17}}},"3":{"name":"(anonymous_3)","line":23,"loc":{"start":{"line":23,"column":24},"end":{"line":23,"column":36}}}},"statementMap":{"1":{"start":{"line":12,"column":0},"end":{"line":53,"column":5}},"2":{"start":{"line":14,"column":4},"end":{"line":14,"column":14}},"3":{"start":{"line":19,"column":4},"end":{"line":52,"column":9}},"4":{"start":{"line":21,"column":8},"end":{"line":21,"column":19}},"5":{"start":{"line":23,"column":8},"end":{"line":35,"column":13}},"6":{"start":{"line":24,"column":12},"end":{"line":34,"column":13}},"7":{"start":{"line":25,"column":16},"end":{"line":28,"column":30}},"8":{"start":{"line":30,"column":16},"end":{"line":33,"column":27}},"9":{"start":{"line":37,"column":8},"end":{"line":39,"column":21}},"10":{"start":{"line":41,"column":8},"end":{"line":41,"column":54}},"11":{"start":{"line":43,"column":8},"end":{"line":43,"column":50}},"12":{"start":{"line":45,"column":8},"end":{"line":51,"column":9}},"13":{"start":{"line":46,"column":12},"end":{"line":46,"column":56}},"14":{"start":{"line":48,"column":12},"end":{"line":48,"column":35}},"15":{"start":{"line":49,"column":12},"end":{"line":49,"column":49}},"16":{"start":{"line":50,"column":12},"end":{"line":50,"column":43}}},"branchMap":{"1":{"line":25,"type":"binary-expr","locations":[{"start":{"line":25,"column":23},"end":{"line":25,"column":62}},{"start":{"line":26,"column":20},"end":{"line":26,"column":70}},{"start":{"line":27,"column":20},"end":{"line":27,"column":71}},{"start":{"line":28,"column":20},"end":{"line":28,"column":29}}]},"2":{"line":30,"type":"binary-expr","locations":[{"start":{"line":30,"column":23},"end":{"line":30,"column":37}},{"start":{"line":31,"column":20},"end":{"line":31,"column":61}},{"start":{"line":32,"column":20},"end":{"line":32,"column":70}},{"start":{"line":33,"column":20},"end":{"line":33,"column":26}}]},"3":{"line":37,"type":"cond-expr","locations":[{"start":{"line":38,"column":14},"end":{"line":38,"column":20}},{"start":{"line":39,"column":14},"end":{"line":39,"column":20}}]},"4":{"line":41,"type":"binary-expr","locations":[{"start":{"line":41,"column":16},"end":{"line":41,"column":44}},{"start":{"line":41,"column":48},"end":{"line":41,"column":53}}]},"5":{"line":45,"type":"if","locations":[{"start":{"line":45,"column":8},"end":{"line":45,"column":8}},{"start":{"line":45,"column":8},"end":{"line":45,"column":8}}]}},"code":["/* istanbul instrument in package npmtest_hjson */","/*jslint","    bitwise: true,","    browser: true,","    maxerr: 8,","    maxlen: 96,","    node: true,","    nomen: true,","    regexp: true,","    stupid: true","*/","(function () {","    'use strict';","    var local;","","","","    // run shared js-env code - pre-init","    (function () {","        // init local","        local = {};","        // init modeJs","        local.modeJs = (function () {","            try {","                return typeof navigator.userAgent === 'string' &&","                    typeof document.querySelector('body') === 'object' &&","                    typeof XMLHttpRequest.prototype.open === 'function' &&","                    'browser';","            } catch (errorCaughtBrowser) {","                return module.exports &&","                    typeof process.versions.node === 'string' &&","                    typeof require('http').createServer === 'function' &&","                    'node';","            }","        }());","        // init global","        local.global = local.modeJs === 'browser'","            ? window","            : global;","        // init utility2_rollup","        local = local.global.utility2_rollup || local;","        // init lib","        local.local = local.npmtest_hjson = local;","        // init exports","        if (local.modeJs === 'browser') {","            local.global.utility2_npmtest_hjson = local;","        } else {","            module.exports = local;","            module.exports.__dirname = __dirname;","            module.exports.module = module;","        }","    }());","}());",""],"l":{"12":2,"14":2,"19":2,"21":2,"23":2,"24":2,"25":2,"30":1,"37":2,"41":2,"43":2,"45":2,"46":1,"48":1,"49":1,"50":1}},"/home/travis/build/npmtest/node-npmtest-hjson/example.js":{"path":"/home/travis/build/npmtest/node-npmtest-hjson/example.js","s":{"1":2,"2":2,"3":2,"4":2,"5":2,"6":2,"7":2,"8":1,"9":2,"10":2,"11":2,"12":2,"13":1,"14":2,"15":2,"16":2,"17":2,"18":2,"19":0,"20":2,"21":1,"22":1,"23":1,"24":1,"25":1,"26":0,"27":0,"28":1,"29":1,"30":2,"31":0,"32":0,"33":0,"34":1,"35":2,"36":2,"37":2,"38":2,"39":2,"40":2,"41":0,"42":2,"43":2,"44":2,"45":1,"46":3,"47":1,"48":1,"49":1,"50":1,"51":1,"52":1,"53":1,"54":1,"55":1,"56":1,"57":0,"58":1,"59":6,"60":6,"61":1,"62":2,"63":0,"64":2,"65":1,"66":1,"67":0,"68":0,"69":0,"70":0,"71":0,"72":0,"73":0,"74":0,"75":0,"76":0,"77":0,"78":0,"79":0,"80":0,"81":0,"82":0,"83":0},"b":{"1":[2,1,1,1],"2":[1,1,1,1],"3":[1,1],"4":[2,2],"5":[1,1],"6":[1,1],"7":[2,0],"8":[2,1,1,1,1,1],"9":[0,2,0],"10":[1,1],"11":[2,1,1],"12":[1,0],"13":[0,2],"14":[2,0,0,0,0,0,0],"15":[0,2],"16":[2,0],"17":[1,1],"18":[0,1],"19":[1,2,0,2],"20":[1,0],"21":[1,1],"22":[0,0],"23":[0,0],"24":[0,0],"25":[0,0],"26":[0,0],"27":[0,0],"28":[0,0]},"f":{"1":2,"2":2,"3":2,"4":2,"5":2,"6":2,"7":2,"8":2,"9":3,"10":1,"11":6,"12":0},"fnMap":{"1":{"name":"(anonymous_1)","line":26,"loc":{"start":{"line":26,"column":1},"end":{"line":26,"column":13}}},"2":{"name":"(anonymous_2)","line":33,"loc":{"start":{"line":33,"column":5},"end":{"line":33,"column":17}}},"3":{"name":"(anonymous_3)","line":37,"loc":{"start":{"line":37,"column":24},"end":{"line":37,"column":36}}},"4":{"name":"(anonymous_4)","line":69,"loc":{"start":{"line":69,"column":31},"end":{"line":69,"column":48}},"skip":true},"5":{"name":"(anonymous_5)","line":78,"loc":{"start":{"line":78,"column":26},"end":{"line":78,"column":45}},"skip":true},"6":{"name":"(anonymous_6)","line":123,"loc":{"start":{"line":123,"column":33},"end":{"line":123,"column":48}},"skip":true},"7":{"name":"(anonymous_7)","line":125,"loc":{"start":{"line":125,"column":27},"end":{"line":125,"column":39}},"skip":true},"8":{"name":"(anonymous_8)","line":133,"loc":{"start":{"line":133,"column":59},"end":{"line":133,"column":74}},"skip":true},"9":{"name":"(anonymous_9)","line":143,"loc":{"start":{"line":143,"column":45},"end":{"line":143,"column":62}},"skip":true},"10":{"name":"(anonymous_10)","line":144,"loc":{"start":{"line":144,"column":73},"end":{"line":144,"column":92}},"skip":true},"11":{"name":"(anonymous_11)","line":272,"loc":{"start":{"line":272,"column":51},"end":{"line":272,"column":77}},"skip":true},"12":{"name":"(anonymous_12)","line":314,"loc":{"start":{"line":314,"column":32},"end":{"line":314,"column":61}},"skip":true}},"statementMap":{"1":{"start":{"line":26,"column":0},"end":{"line":325,"column":5}},"2":{"start":{"line":28,"column":4},"end":{"line":28,"column":14}},"3":{"start":{"line":33,"column":4},"end":{"line":60,"column":9}},"4":{"start":{"line":35,"column":8},"end":{"line":35,"column":19}},"5":{"start":{"line":37,"column":8},"end":{"line":49,"column":13}},"6":{"start":{"line":38,"column":12},"end":{"line":48,"column":13}},"7":{"start":{"line":39,"column":16},"end":{"line":42,"column":30}},"8":{"start":{"line":44,"column":16},"end":{"line":47,"column":27}},"9":{"start":{"line":51,"column":8},"end":{"line":53,"column":21}},"10":{"start":{"line":55,"column":8},"end":{"line":57,"column":45}},"11":{"start":{"line":59,"column":8},"end":{"line":59,"column":35}},"12":{"start":{"line":61,"column":4},"end":{"line":324,"column":5}},"13":{"start":{"line":69,"column":8},"end":{"line":121,"column":10},"skip":true},"14":{"start":{"line":70,"column":12},"end":{"line":88,"column":13},"skip":true},"15":{"start":{"line":76,"column":16},"end":{"line":87,"column":19},"skip":true},"16":{"start":{"line":79,"column":20},"end":{"line":86,"column":21},"skip":true},"17":{"start":{"line":82,"column":24},"end":{"line":82,"column":43},"skip":true},"18":{"start":{"line":83,"column":24},"end":{"line":83,"column":30},"skip":true},"19":{"start":{"line":85,"column":24},"end":{"line":85,"column":49},"skip":true},"20":{"start":{"line":89,"column":12},"end":{"line":107,"column":13},"skip":true},"21":{"start":{"line":92,"column":16},"end":{"line":102,"column":17},"skip":true},"22":{"start":{"line":93,"column":20},"end":{"line":93,"column":86},"skip":true},"23":{"start":{"line":94,"column":20},"end":{"line":95,"column":45},"skip":true},"24":{"start":{"line":96,"column":20},"end":{"line":96,"column":42},"skip":true},"25":{"start":{"line":97,"column":20},"end":{"line":97,"column":48},"skip":true},"26":{"start":{"line":100,"column":20},"end":{"line":100,"column":85},"skip":true},"27":{"start":{"line":101,"column":20},"end":{"line":101,"column":96},"skip":true},"28":{"start":{"line":103,"column":16},"end":{"line":103,"column":22},"skip":true},"29":{"start":{"line":106,"column":16},"end":{"line":106,"column":22},"skip":true},"30":{"start":{"line":108,"column":12},"end":{"line":120,"column":13},"skip":true},"31":{"start":{"line":114,"column":16},"end":{"line":119,"column":17},"skip":true},"32":{"start":{"line":116,"column":20},"end":{"line":116,"column":78},"skip":true},"33":{"start":{"line":118,"column":20},"end":{"line":118,"column":47},"skip":true},"34":{"start":{"line":123,"column":8},"end":{"line":141,"column":11},"skip":true},"35":{"start":{"line":124,"column":12},"end":{"line":124,"column":54},"skip":true},"36":{"start":{"line":125,"column":12},"end":{"line":140,"column":14},"skip":true},"37":{"start":{"line":126,"column":16},"end":{"line":126,"column":28},"skip":true},"38":{"start":{"line":127,"column":16},"end":{"line":127,"column":69},"skip":true},"39":{"start":{"line":128,"column":16},"end":{"line":128,"column":75},"skip":true},"40":{"start":{"line":129,"column":16},"end":{"line":131,"column":17},"skip":true},"41":{"start":{"line":130,"column":20},"end":{"line":130,"column":27},"skip":true},"42":{"start":{"line":133,"column":16},"end":{"line":137,"column":36},"skip":true},"43":{"start":{"line":134,"column":20},"end":{"line":136,"column":55},"skip":true},"44":{"start":{"line":139,"column":16},"end":{"line":139,"column":57},"skip":true},"45":{"start":{"line":143,"column":8},"end":{"line":147,"column":11},"skip":true},"46":{"start":{"line":144,"column":12},"end":{"line":146,"column":15},"skip":true},"47":{"start":{"line":145,"column":16},"end":{"line":145,"column":70},"skip":true},"48":{"start":{"line":149,"column":8},"end":{"line":149,"column":31},"skip":true},"49":{"start":{"line":150,"column":8},"end":{"line":150,"column":14},"skip":true},"50":{"start":{"line":158,"column":8},"end":{"line":158,"column":31},"skip":true},"51":{"start":{"line":160,"column":8},"end":{"line":160,"column":33},"skip":true},"52":{"start":{"line":161,"column":8},"end":{"line":161,"column":37},"skip":true},"53":{"start":{"line":162,"column":8},"end":{"line":162,"column":35},"skip":true},"54":{"start":{"line":164,"column":8},"end":{"line":164,"column":50},"skip":true},"55":{"start":{"line":166,"column":8},"end":{"line":256,"column":2},"skip":true},"56":{"start":{"line":258,"column":8},"end":{"line":286,"column":9},"skip":true},"57":{"start":{"line":259,"column":12},"end":{"line":269,"column":14},"skip":true},"58":{"start":{"line":271,"column":12},"end":{"line":285,"column":19},"skip":true},"59":{"start":{"line":274,"column":20},"end":{"line":274,"column":35},"skip":true},"60":{"start":{"line":275,"column":20},"end":{"line":284,"column":21},"skip":true},"61":{"start":{"line":277,"column":24},"end":{"line":277,"column":64},"skip":true},"62":{"start":{"line":279,"column":24},"end":{"line":279,"column":40},"skip":true},"63":{"start":{"line":281,"column":24},"end":{"line":281,"column":40},"skip":true},"64":{"start":{"line":283,"column":24},"end":{"line":283,"column":39},"skip":true},"65":{"start":{"line":288,"column":8},"end":{"line":290,"column":9},"skip":true},"66":{"start":{"line":289,"column":12},"end":{"line":289,"column":18},"skip":true},"67":{"start":{"line":291,"column":8},"end":{"line":293,"column":54},"skip":true},"68":{"start":{"line":294,"column":8},"end":{"line":301,"column":37},"skip":true},"69":{"start":{"line":302,"column":8},"end":{"line":302,"column":82},"skip":true},"70":{"start":{"line":305,"column":8},"end":{"line":307,"column":9},"skip":true},"71":{"start":{"line":306,"column":12},"end":{"line":306,"column":82},"skip":true},"72":{"start":{"line":309,"column":8},"end":{"line":311,"column":9},"skip":true},"73":{"start":{"line":310,"column":12},"end":{"line":310,"column":18},"skip":true},"74":{"start":{"line":312,"column":8},"end":{"line":312,"column":54},"skip":true},"75":{"start":{"line":313,"column":8},"end":{"line":313,"column":69},"skip":true},"76":{"start":{"line":314,"column":8},"end":{"line":322,"column":36},"skip":true},"77":{"start":{"line":315,"column":12},"end":{"line":315,"column":61},"skip":true},"78":{"start":{"line":316,"column":12},"end":{"line":319,"column":13},"skip":true},"79":{"start":{"line":317,"column":16},"end":{"line":317,"column":75},"skip":true},"80":{"start":{"line":318,"column":16},"end":{"line":318,"column":23},"skip":true},"81":{"start":{"line":320,"column":12},"end":{"line":320,"column":38},"skip":true},"82":{"start":{"line":321,"column":12},"end":{"line":321,"column":27},"skip":true},"83":{"start":{"line":323,"column":8},"end":{"line":323,"column":14},"skip":true}},"branchMap":{"1":{"line":39,"type":"binary-expr","locations":[{"start":{"line":39,"column":23},"end":{"line":39,"column":62}},{"start":{"line":40,"column":20},"end":{"line":40,"column":70}},{"start":{"line":41,"column":20},"end":{"line":41,"column":71}},{"start":{"line":42,"column":20},"end":{"line":42,"column":29}}]},"2":{"line":44,"type":"binary-expr","locations":[{"start":{"line":44,"column":23},"end":{"line":44,"column":37}},{"start":{"line":45,"column":20},"end":{"line":45,"column":61}},{"start":{"line":46,"column":20},"end":{"line":46,"column":70}},{"start":{"line":47,"column":20},"end":{"line":47,"column":26}}]},"3":{"line":51,"type":"cond-expr","locations":[{"start":{"line":52,"column":14},"end":{"line":52,"column":20}},{"start":{"line":53,"column":14},"end":{"line":53,"column":20}}]},"4":{"line":55,"type":"binary-expr","locations":[{"start":{"line":55,"column":16},"end":{"line":55,"column":44}},{"start":{"line":55,"column":49},"end":{"line":57,"column":43}}]},"5":{"line":55,"type":"cond-expr","locations":[{"start":{"line":56,"column":14},"end":{"line":56,"column":49}},{"start":{"line":57,"column":14},"end":{"line":57,"column":43}}]},"6":{"line":61,"type":"switch","locations":[{"start":{"line":68,"column":4},"end":{"line":150,"column":14},"skip":true},{"start":{"line":156,"column":4},"end":{"line":323,"column":14},"skip":true}]},"7":{"line":70,"type":"if","locations":[{"start":{"line":70,"column":12},"end":{"line":70,"column":12},"skip":true},{"start":{"line":70,"column":12},"end":{"line":70,"column":12},"skip":true}]},"8":{"line":70,"type":"binary-expr","locations":[{"start":{"line":70,"column":16},"end":{"line":70,"column":22},"skip":true},{"start":{"line":70,"column":27},"end":{"line":70,"column":32},"skip":true},{"start":{"line":71,"column":20},"end":{"line":71,"column":39},"skip":true},{"start":{"line":72,"column":20},"end":{"line":72,"column":49},"skip":true},{"start":{"line":73,"column":20},"end":{"line":73,"column":58},"skip":true},{"start":{"line":74,"column":20},"end":{"line":74,"column":69},"skip":true}]},"9":{"line":79,"type":"switch","locations":[{"start":{"line":80,"column":20},"end":{"line":80,"column":33},"skip":true},{"start":{"line":81,"column":20},"end":{"line":83,"column":30},"skip":true},{"start":{"line":84,"column":20},"end":{"line":85,"column":49},"skip":true}]},"10":{"line":89,"type":"switch","locations":[{"start":{"line":90,"column":12},"end":{"line":103,"column":22},"skip":true},{"start":{"line":105,"column":12},"end":{"line":106,"column":22},"skip":true}]},"11":{"line":89,"type":"binary-expr","locations":[{"start":{"line":89,"column":20},"end":{"line":89,"column":25},"skip":true},{"start":{"line":89,"column":29},"end":{"line":89,"column":48},"skip":true},{"start":{"line":89,"column":52},"end":{"line":89,"column":74},"skip":true}]},"12":{"line":92,"type":"if","locations":[{"start":{"line":92,"column":16},"end":{"line":92,"column":16},"skip":true},{"start":{"line":92,"column":16},"end":{"line":92,"column":16},"skip":true}]},"13":{"line":108,"type":"if","locations":[{"start":{"line":108,"column":12},"end":{"line":108,"column":12},"skip":true},{"start":{"line":108,"column":12},"end":{"line":108,"column":12},"skip":true}]},"14":{"line":108,"type":"binary-expr","locations":[{"start":{"line":108,"column":16},"end":{"line":108,"column":61},"skip":true},{"start":{"line":108,"column":66},"end":{"line":108,"column":72},"skip":true},{"start":{"line":108,"column":77},"end":{"line":108,"column":82},"skip":true},{"start":{"line":109,"column":20},"end":{"line":109,"column":39},"skip":true},{"start":{"line":110,"column":20},"end":{"line":110,"column":49},"skip":true},{"start":{"line":111,"column":20},"end":{"line":111,"column":58},"skip":true},{"start":{"line":112,"column":20},"end":{"line":112,"column":68},"skip":true}]},"15":{"line":129,"type":"if","locations":[{"start":{"line":129,"column":16},"end":{"line":129,"column":16},"skip":true},{"start":{"line":129,"column":16},"end":{"line":129,"column":16},"skip":true}]},"16":{"line":134,"type":"cond-expr","locations":[{"start":{"line":135,"column":26},"end":{"line":135,"column":29},"skip":true},{"start":{"line":136,"column":26},"end":{"line":136,"column":54},"skip":true}]},"17":{"line":164,"type":"binary-expr","locations":[{"start":{"line":164,"column":27},"end":{"line":164,"column":43},"skip":true},{"start":{"line":164,"column":47},"end":{"line":164,"column":49},"skip":true}]},"18":{"line":258,"type":"if","locations":[{"start":{"line":258,"column":8},"end":{"line":258,"column":8},"skip":true},{"start":{"line":258,"column":8},"end":{"line":258,"column":8},"skip":true}]},"19":{"line":275,"type":"switch","locations":[{"start":{"line":276,"column":20},"end":{"line":277,"column":64},"skip":true},{"start":{"line":278,"column":20},"end":{"line":279,"column":40},"skip":true},{"start":{"line":280,"column":20},"end":{"line":281,"column":40},"skip":true},{"start":{"line":282,"column":20},"end":{"line":283,"column":39},"skip":true}]},"20":{"line":288,"type":"if","locations":[{"start":{"line":288,"column":8},"end":{"line":288,"column":8},"skip":true},{"start":{"line":288,"column":8},"end":{"line":288,"column":8},"skip":true}]},"21":{"line":288,"type":"binary-expr","locations":[{"start":{"line":288,"column":12},"end":{"line":288,"column":40},"skip":true},{"start":{"line":288,"column":44},"end":{"line":288,"column":67},"skip":true}]},"22":{"line":292,"type":"binary-expr","locations":[{"start":{"line":292,"column":12},"end":{"line":292,"column":50},"skip":true},{"start":{"line":293,"column":12},"end":{"line":293,"column":53},"skip":true}]},"23":{"line":295,"type":"binary-expr","locations":[{"start":{"line":295,"column":12},"end":{"line":295,"column":63},"skip":true},{"start":{"line":296,"column":12},"end":{"line":301,"column":36},"skip":true}]},"24":{"line":302,"type":"binary-expr","locations":[{"start":{"line":302,"column":43},"end":{"line":302,"column":75},"skip":true},{"start":{"line":302,"column":79},"end":{"line":302,"column":81},"skip":true}]},"25":{"line":305,"type":"if","locations":[{"start":{"line":305,"column":8},"end":{"line":305,"column":8},"skip":true},{"start":{"line":305,"column":8},"end":{"line":305,"column":8},"skip":true}]},"26":{"line":309,"type":"if","locations":[{"start":{"line":309,"column":8},"end":{"line":309,"column":8},"skip":true},{"start":{"line":309,"column":8},"end":{"line":309,"column":8},"skip":true}]},"27":{"line":312,"type":"binary-expr","locations":[{"start":{"line":312,"column":27},"end":{"line":312,"column":43},"skip":true},{"start":{"line":312,"column":47},"end":{"line":312,"column":53},"skip":true}]},"28":{"line":316,"type":"if","locations":[{"start":{"line":316,"column":12},"end":{"line":316,"column":12},"skip":true},{"start":{"line":316,"column":12},"end":{"line":316,"column":12},"skip":true}]}},"code":["/*","example.js","","quickstart example","","instruction","    1. save this script as example.js","    2. run the shell command:","        $ npm install npmtest-hjson && PORT=8081 node example.js","    3. play with the browser-demo on http://127.0.0.1:8081","*/","","","","/* istanbul instrument in package npmtest_hjson */","/*jslint","    bitwise: true,","    browser: true,","    maxerr: 8,","    maxlen: 96,","    node: true,","    nomen: true,","    regexp: true,","    stupid: true","*/","(function () {","    'use strict';","    var local;","","","","    // run shared js-env code - pre-init","    (function () {","        // init local","        local = {};","        // init modeJs","        local.modeJs = (function () {","            try {","                return typeof navigator.userAgent === 'string' &&","                    typeof document.querySelector('body') === 'object' &&","                    typeof XMLHttpRequest.prototype.open === 'function' &&","                    'browser';","            } catch (errorCaughtBrowser) {","                return module.exports &&","                    typeof process.versions.node === 'string' &&","                    typeof require('http').createServer === 'function' &&","                    'node';","            }","        }());","        // init global","        local.global = local.modeJs === 'browser'","            ? window","            : global;","        // init utility2_rollup","        local = local.global.utility2_rollup || (local.modeJs === 'browser'","            ? local.global.utility2_npmtest_hjson","            : global.utility2_moduleExports);","        // export local","        local.global.local = local;","    }());","    switch (local.modeJs) {","","","","    // post-init","    // run browser js-env code - post-init","    /* istanbul ignore next */","    case 'browser':","        local.testRunBrowser = function (event) {","            if (!event || (event &&","                    event.currentTarget &&","                    event.currentTarget.className &&","                    event.currentTarget.className.includes &&","                    event.currentTarget.className.includes('onreset'))) {","                // reset output","                Array.from(","                    document.querySelectorAll('body > .resettable')","                ).forEach(function (element) {","                    switch (element.tagName) {","                    case 'INPUT':","                    case 'TEXTAREA':","                        element.value = '';","                        break;","                    default:","                        element.textContent = '';","                    }","                });","            }","            switch (event && event.currentTarget && event.currentTarget.id) {","            case 'testRunButton1':","                // show tests","                if (document.querySelector('#testReportDiv1').style.display === 'none') {","                    document.querySelector('#testReportDiv1').style.display = 'block';","                    document.querySelector('#testRunButton1').textContent =","                        'hide internal test';","                    local.modeTest = true;","                    local.testRunDefault(local);","                // hide tests","                } else {","                    document.querySelector('#testReportDiv1').style.display = 'none';","                    document.querySelector('#testRunButton1').textContent = 'run internal test';","                }","                break;","            // custom-case","            default:","                break;","            }","            if (document.querySelector('#inputTextareaEval1') && (!event || (event &&","                    event.currentTarget &&","                    event.currentTarget.className &&","                    event.currentTarget.className.includes &&","                    event.currentTarget.className.includes('oneval')))) {","                // try to eval input-code","                try {","                    /*jslint evil: true*/","                    eval(document.querySelector('#inputTextareaEval1').value);","                } catch (errorCaught) {","                    console.error(errorCaught);","                }","            }","        };","        // log stderr and stdout to #outputTextareaStdout1","        ['error', 'log'].forEach(function (key) {","            console[key + '_original'] = console[key];","            console[key] = function () {","                var element;","                console[key + '_original'].apply(console, arguments);","                element = document.querySelector('#outputTextareaStdout1');","                if (!element) {","                    return;","                }","                // append text to #outputTextareaStdout1","                element.value += Array.from(arguments).map(function (arg) {","                    return typeof arg === 'string'","                        ? arg","                        : JSON.stringify(arg, null, 4);","                }).join(' ') + '\\n';","                // scroll textarea to bottom","                element.scrollTop = element.scrollHeight;","            };","        });","        // init event-handling","        ['change', 'click', 'keyup'].forEach(function (event) {","            Array.from(document.querySelectorAll('.on' + event)).forEach(function (element) {","                element.addEventListener(event, local.testRunBrowser);","            });","        });","        // run tests","        local.testRunBrowser();","        break;","","","","    // run node js-env code - post-init","    /* istanbul ignore next */","    case 'node':","        // export local","        module.exports = local;","        // require modules","        local.fs = require('fs');","        local.http = require('http');","        local.url = require('url');","        // init assets","        local.assetsDict = local.assetsDict || {};","        /* jslint-ignore-begin */","        local.assetsDict['/assets.index.template.html'] = '\\","<!doctype html>\\n\\","<html lang=\"en\">\\n\\","<head>\\n\\","<meta charset=\"UTF-8\">\\n\\","<meta name=\"viewport\" content=\"width=device-width, initial-scale=1\">\\n\\","<title>{{env.npm_package_name}} (v{{env.npm_package_version}})</title>\\n\\","<style>\\n\\","/*csslint\\n\\","    box-sizing: false,\\n\\","    universal-selector: false\\n\\","*/\\n\\","* {\\n\\","    box-sizing: border-box;\\n\\","}\\n\\","body {\\n\\","    background: #dde;\\n\\","    font-family: Arial, Helvetica, sans-serif;\\n\\","    margin: 2rem;\\n\\","}\\n\\","body > * {\\n\\","    margin-bottom: 1rem;\\n\\","}\\n\\",".utility2FooterDiv {\\n\\","    margin-top: 20px;\\n\\","    text-align: center;\\n\\","}\\n\\","</style>\\n\\","<style>\\n\\","/*csslint\\n\\","*/\\n\\","textarea {\\n\\","    font-family: monospace;\\n\\","    height: 10rem;\\n\\","    width: 100%;\\n\\","}\\n\\","textarea[readonly] {\\n\\","    background: #ddd;\\n\\","}\\n\\","</style>\\n\\","</head>\\n\\","<body>\\n\\","<!-- utility2-comment\\n\\","<div id=\"ajaxProgressDiv1\" style=\"background: #d00; height: 2px; left: 0; margin: 0; padding: 0; position: fixed; top: 0; transition: background 0.5s, width 1.5s; width: 25%;\"></div>\\n\\","utility2-comment -->\\n\\","<h1>\\n\\","<!-- utility2-comment\\n\\","    <a\\n\\","        {{#if env.npm_package_homepage}}\\n\\","        href=\"{{env.npm_package_homepage}}\"\\n\\","        {{/if env.npm_package_homepage}}\\n\\","        target=\"_blank\"\\n\\","    >\\n\\","utility2-comment -->\\n\\","        {{env.npm_package_name}} (v{{env.npm_package_version}})\\n\\","<!-- utility2-comment\\n\\","    </a>\\n\\","utility2-comment -->\\n\\","</h1>\\n\\","<h3>{{env.npm_package_description}}</h3>\\n\\","<!-- utility2-comment\\n\\","<h4><a download href=\"assets.app.js\">download standalone app</a></h4>\\n\\","<button class=\"onclick onreset\" id=\"testRunButton1\">run internal test</button><br>\\n\\","<div id=\"testReportDiv1\" style=\"display: none;\"></div>\\n\\","utility2-comment -->\\n\\","\\n\\","\\n\\","\\n\\","<label>stderr and stdout</label>\\n\\","<textarea class=\"resettable\" id=\"outputTextareaStdout1\" readonly></textarea>\\n\\","<!-- utility2-comment\\n\\","{{#if isRollup}}\\n\\","<script src=\"assets.app.js\"></script>\\n\\","{{#unless isRollup}}\\n\\","utility2-comment -->\\n\\","<script src=\"assets.utility2.rollup.js\"></script>\\n\\","<script src=\"jsonp.utility2._stateInit?callback=window.utility2._stateInit\"></script>\\n\\","<script src=\"assets.npmtest_hjson.rollup.js\"></script>\\n\\","<script src=\"assets.example.js\"></script>\\n\\","<script src=\"assets.test.js\"></script>\\n\\","<!-- utility2-comment\\n\\","{{/if isRollup}}\\n\\","utility2-comment -->\\n\\","<div class=\"utility2FooterDiv\">\\n\\","    [ this app was created with\\n\\","    <a href=\"https://github.com/kaizhu256/node-utility2\" target=\"_blank\">utility2</a>\\n\\","    ]\\n\\","</div>\\n\\","</body>\\n\\","</html>\\n\\","';","        /* jslint-ignore-end */","        if (local.templateRender) {","            local.assetsDict['/'] = local.templateRender(","                local.assetsDict['/assets.index.template.html'],","                {","                    env: local.objectSetDefault(local.env, {","                        npm_package_description: 'the greatest app in the world!',","                        npm_package_name: 'my-app',","                        npm_package_nameAlias: 'my_app',","                        npm_package_version: '0.0.1'","                    })","                }","            );","        } else {","            local.assetsDict['/'] = local.assetsDict['/assets.index.template.html']","                .replace((/\\{\\{env\\.(\\w+?)\\}\\}/g), function (match0, match1) {","                    // jslint-hack","                    String(match0);","                    switch (match1) {","                    case 'npm_package_description':","                        return 'the greatest app in the world!';","                    case 'npm_package_name':","                        return 'my-app';","                    case 'npm_package_nameAlias':","                        return 'my_app';","                    case 'npm_package_version':","                        return '0.0.1';","                    }","                });","        }","        // run the cli","        if (local.global.utility2_rollup || module !== require.main) {","            break;","        }","        local.assetsDict['/assets.example.js'] =","            local.assetsDict['/assets.example.js'] ||","            local.fs.readFileSync(__filename, 'utf8');","        local.assetsDict['/assets.npmtest_hjson.rollup.js'] =","            local.assetsDict['/assets.npmtest_hjson.rollup.js'] ||","            local.fs.readFileSync(","                // buildCustomOrg-hack","                local.npmtest_hjson.__dirname +","                    '/lib.npmtest_hjson.js',","                'utf8'","            ).replace((/^#!/), '//');","        local.assetsDict['/favicon.ico'] = local.assetsDict['/favicon.ico'] || '';","        // if $npm_config_timeout_exit exists,","        // then exit this process after $npm_config_timeout_exit ms","        if (Number(process.env.npm_config_timeout_exit)) {","            setTimeout(process.exit, Number(process.env.npm_config_timeout_exit));","        }","        // start server","        if (local.global.utility2_serverHttp1) {","            break;","        }","        process.env.PORT = process.env.PORT || '8081';","        console.error('server starting on port ' + process.env.PORT);","        local.http.createServer(function (request, response) {","            request.urlParsed = local.url.parse(request.url);","            if (local.assetsDict[request.urlParsed.pathname] !== undefined) {","                response.end(local.assetsDict[request.urlParsed.pathname]);","                return;","            }","            response.statusCode = 404;","            response.end();","        }).listen(process.env.PORT);","        break;","    }","}());",""],"l":{"26":2,"28":2,"33":2,"35":2,"37":2,"38":2,"39":2,"44":1,"51":2,"55":2,"59":2,"61":2,"69":1,"70":2,"76":2,"79":2,"82":2,"83":2,"85":1,"89":2,"92":1,"93":1,"94":1,"96":1,"97":1,"100":1,"101":1,"103":1,"106":1,"108":2,"114":1,"116":1,"118":1,"123":1,"124":2,"125":2,"126":2,"127":2,"128":2,"129":2,"130":1,"133":2,"134":2,"139":2,"143":1,"144":3,"145":1,"149":1,"150":1,"158":1,"160":1,"161":1,"162":1,"164":1,"166":1,"258":1,"259":1,"271":1,"274":6,"275":6,"277":1,"279":2,"281":1,"283":2,"288":1,"289":1,"291":1,"294":1,"302":1,"305":1,"306":1,"309":1,"310":1,"312":1,"313":1,"314":1,"315":1,"316":1,"317":1,"318":1,"320":1,"321":1,"323":1}},"/home/travis/build/npmtest/node-npmtest-hjson/node_modules/hjson/lib/hjson.js":{"path":"/home/travis/build/npmtest/node-npmtest-hjson/node_modules/hjson/lib/hjson.js","s":{"1":1,"2":1,"3":1,"4":1,"5":1,"6":1,"7":1,"8":0,"9":0,"10":0,"11":0,"12":0,"13":0,"14":0},"b":{"1":[0,0],"2":[0,0],"3":[0,0],"4":[0,0]},"f":{"1":0,"2":0,"3":0,"4":0},"fnMap":{"1":{"name":"(anonymous_1)","line":151,"loc":{"start":{"line":151,"column":13},"end":{"line":151,"column":24}}},"2":{"name":"(anonymous_2)","line":152,"loc":{"start":{"line":152,"column":16},"end":{"line":152,"column":30}}},"3":{"name":"(anonymous_3)","line":160,"loc":{"start":{"line":160,"column":11},"end":{"line":160,"column":35}}},"4":{"name":"(anonymous_4)","line":164,"loc":{"start":{"line":164,"column":15},"end":{"line":164,"column":40}}}},"statementMap":{"1":{"start":{"line":139,"column":0},"end":{"line":139,"column":39}},"2":{"start":{"line":140,"column":0},"end":{"line":140,"column":41}},"3":{"start":{"line":141,"column":0},"end":{"line":141,"column":37}},"4":{"start":{"line":142,"column":0},"end":{"line":142,"column":45}},"5":{"start":{"line":143,"column":0},"end":{"line":143,"column":43}},"6":{"start":{"line":144,"column":0},"end":{"line":144,"column":33}},"7":{"start":{"line":146,"column":0},"end":{"line":174,"column":2}},"8":{"start":{"line":151,"column":26},"end":{"line":151,"column":44}},"9":{"start":{"line":153,"column":4},"end":{"line":153,"column":57}},"10":{"start":{"line":153,"column":40},"end":{"line":153,"column":57}},"11":{"start":{"line":161,"column":6},"end":{"line":161,"column":41}},"12":{"start":{"line":162,"column":6},"end":{"line":162,"column":34}},"13":{"start":{"line":165,"column":6},"end":{"line":165,"column":41}},"14":{"start":{"line":166,"column":6},"end":{"line":166,"column":39}}},"branchMap":{"1":{"line":153,"type":"if","locations":[{"start":{"line":153,"column":4},"end":{"line":153,"column":4}},{"start":{"line":153,"column":4},"end":{"line":153,"column":4}}]},"2":{"line":153,"type":"binary-expr","locations":[{"start":{"line":153,"column":8},"end":{"line":153,"column":20}},{"start":{"line":153,"column":24},"end":{"line":153,"column":38}}]},"3":{"line":161,"type":"binary-expr","locations":[{"start":{"line":161,"column":15},"end":{"line":161,"column":22}},{"start":{"line":161,"column":24},"end":{"line":161,"column":26}}]},"4":{"line":165,"type":"binary-expr","locations":[{"start":{"line":165,"column":15},"end":{"line":165,"column":22}},{"start":{"line":165,"column":24},"end":{"line":165,"column":26}}]}},"code":["/*! @preserve"," * Hjson v2.4.1"," * http://hjson.org"," *"," * Copyright 2014-2016 Christian Zangl, MIT license"," * Details and documentation:"," * https://github.com/hjson/hjson-js"," *"," * This code is based on the the JSON version by Douglas Crockford:"," * https://github.com/douglascrockford/JSON-js (json_parse.js, json2.js)"," */","","/*","","  This file creates a Hjson object:","","","    Hjson.parse(text, options)","","      options {","        keepWsc     boolean, keep white space and comments. This is useful","                    if you want to edit an hjson file and save it while","                    preserving comments (default false)","","        dsf         array of DSF (see Hjson.dsf)","      }","","      This method parses Hjson text to produce an object or array.","      It can throw a SyntaxError exception.","","","    Hjson.stringify(value, options)","","      value         any JavaScript value, usually an object or array.","","      options {     all options are","","        keepWsc     boolean, keep white space. See parse.","","        bracesSameLine","                    boolean, makes braces appear on the same line as the key","                    name. Default false.","","        emitRootBraces","                    obsolete: will always emit braces","","        quotes      string, controls how strings are displayed.","                    setting separator implies \"strings\"","                    \"min\"     - no quotes whenever possible (default)","                    \"keys\"    - use quotes around keys","                    \"strings\" - use quotes around string values","                    \"all\"     - use quotes around keys and string values","","        multiline   string, controls how multiline strings are displayed.","                    setting quotes implies \"off\"","                    \"std\"     - strings containing \\n are shown in","                                multiline format (default)","                    \"no-tabs\" - like std but disallow tabs","                    \"off\"     - show in JSON format","","        separator   boolean, output a comma separator between elements. Default false.","","        space       specifies the indentation of nested structures. If it is","                    a number, it will specify the number of spaces to indent","                    at each level. If it is a string (such as '\\t' or '  '),","                    it contains the characters used to indent at each level.","","        eol         specifies the EOL sequence (default is set by","                    Hjson.setEndOfLine())","","        colors      boolean, output ascii color codes","","        dsf         array of DSF (see Hjson.dsf)","      }","","      This method produces Hjson text from a JavaScript value.","","      Values that do not have JSON representations, such as undefined or","      functions, will not be serialized. Such values in objects will be","      dropped; in arrays they will be replaced with null.","      stringify(undefined) returns undefined.","","","    Hjson.endOfLine()","    Hjson.setEndOfLine(eol)","","      Gets or sets the stringify EOL sequence ('\\n' or '\\r\\n').","      When running with node.js this defaults to os.EOL.","","","    Hjson.rt { parse, stringify }","","      This is a shortcut to roundtrip your comments when reading and updating","      a config file. It is the same as specifying the keepWsc option for the","      parse and stringify functions.","","","    Hjson.version","","      The version of this library.","","","    Hjson.dsf","","      Domain specific formats are extensions to the Hjson syntax (see","      hjson.org). These formats will be parsed and made available to","      the application in place of strings (e.g. enable math to allow","      NaN values).","","      Hjson.dsf ontains standard DSFs that can be passed to parse","      and stringify.","","","    Hjson.dsf.math()","","      Enables support for Inf/inf, -Inf/-inf, Nan/naN and -0.","      Will output as Inf, -Inf, NaN and -0.","","","    Hjson.dsf.hex(options)","","      Parse hexadecimal numbers prefixed with 0x.","      set options.out = true to stringify _all_ integers as hex.","","","    Hjson.dsf.date(options)","","      support ISO dates","","","  This is a reference implementation. You are free to copy, modify, or","  redistribute.","","*/","","/*jslint node: true */","\"use strict\";","","var common = require(\"./hjson-common\");","var version = require(\"./hjson-version\");","var parse = require(\"./hjson-parse\");","var stringify = require(\"./hjson-stringify\");","var comments = require(\"./hjson-comments\");","var dsf = require(\"./hjson-dsf\");","","module.exports={","","  parse: parse,","  stringify: stringify,","","  endOfLine: function() { return common.EOL; },","  setEndOfLine: function(eol) {","    if (eol === '\\n' || eol === '\\r\\n') common.EOL = eol;","  },","","  version: version,","","  // round trip shortcut","  rt: {","    parse: function(text, options) {","      (options=options||{}).keepWsc=true;","      return parse(text, options);","    },","    stringify: function(value, options) {","      (options=options||{}).keepWsc=true;","      return stringify(value, options);","    },","  },","","  comments: comments,","","  dsf: dsf.std,","","};",""],"l":{"139":1,"140":1,"141":1,"142":1,"143":1,"144":1,"146":1,"151":0,"153":0,"161":0,"162":0,"165":0,"166":0}},"/home/travis/build/npmtest/node-npmtest-hjson/node_modules/hjson/lib/hjson-common.js":{"path":"/home/travis/build/npmtest/node-npmtest-hjson/node_modules/hjson/lib/hjson-common.js","s":{"1":1,"2":1,"3":0,"4":0,"5":0,"6":1,"7":0,"8":0,"9":0,"10":0,"11":0,"12":0,"13":0,"14":0,"15":0,"16":0,"17":0,"18":0,"19":0,"20":0,"21":0,"22":0,"23":0,"24":0,"25":0,"26":0,"27":0,"28":0,"29":0,"30":0,"31":0,"32":0,"33":0,"34":0,"35":0,"36":0,"37":0,"38":0,"39":0,"40":0,"41":0,"42":0,"43":0,"44":0,"45":1,"46":0,"47":0,"48":0,"49":1,"50":0,"51":1,"52":0,"53":1,"54":0,"55":0,"56":0,"57":0,"58":0,"59":0,"60":0,"61":0,"62":0,"63":0,"64":0,"65":0,"66":0,"67":0,"68":0,"69":0,"70":0,"71":0,"72":0,"73":1},"b":{"1":[0,0],"2":[0,0],"3":[0,0],"4":[0,0],"5":[0,0],"6":[0,0],"7":[0,0,0],"8":[0,0],"9":[0,0],"10":[0,0],"11":[0,0],"12":[0,0],"13":[0,0],"14":[0,0],"15":[0,0],"16":[0,0,0,0,0,0,0],"17":[0,0],"18":[0,0,0],"19":[0,0],"20":[0,0],"21":[0,0],"22":[0,0],"23":[0,0],"24":[0,0,0],"25":[0,0],"26":[0,0],"27":[1,0]},"f":{"1":0,"2":0,"3":0,"4":0,"5":0,"6":0},"fnMap":{"1":{"name":"tryParseNumber","line":7,"loc":{"start":{"line":7,"column":0},"end":{"line":7,"column":42}}},"2":{"name":"next","line":14,"loc":{"start":{"line":14,"column":2},"end":{"line":14,"column":18}}},"3":{"name":"createComment","line":66,"loc":{"start":{"line":66,"column":0},"end":{"line":66,"column":39}}},"4":{"name":"removeComment","line":71,"loc":{"start":{"line":71,"column":0},"end":{"line":71,"column":30}}},"5":{"name":"getComment","line":75,"loc":{"start":{"line":75,"column":0},"end":{"line":75,"column":27}}},"6":{"name":"forceComment","line":79,"loc":{"start":{"line":79,"column":0},"end":{"line":79,"column":28}}}},"statementMap":{"1":{"start":{"line":5,"column":0},"end":{"line":5,"column":21}},"2":{"start":{"line":7,"column":0},"end":{"line":64,"column":1}},"3":{"start":{"line":11,"column":2},"end":{"line":11,"column":64}},"4":{"start":{"line":12,"column":2},"end":{"line":12,"column":13}},"5":{"start":{"line":13,"column":2},"end":{"line":13,"column":9}},"6":{"start":{"line":14,"column":2},"end":{"line":18,"column":3}},"7":{"start":{"line":15,"column":4},"end":{"line":15,"column":25}},"8":{"start":{"line":16,"column":4},"end":{"line":16,"column":9}},"9":{"start":{"line":17,"column":4},"end":{"line":17,"column":14}},"10":{"start":{"line":20,"column":2},"end":{"line":20,"column":9}},"11":{"start":{"line":21,"column":2},"end":{"line":24,"column":3}},"12":{"start":{"line":22,"column":4},"end":{"line":22,"column":17}},"13":{"start":{"line":23,"column":4},"end":{"line":23,"column":11}},"14":{"start":{"line":25,"column":2},"end":{"line":32,"column":3}},"15":{"start":{"line":26,"column":4},"end":{"line":29,"column":5}},"16":{"start":{"line":27,"column":6},"end":{"line":28,"column":31}},"17":{"start":{"line":27,"column":21},"end":{"line":27,"column":36}},"18":{"start":{"line":28,"column":11},"end":{"line":28,"column":31}},"19":{"start":{"line":30,"column":4},"end":{"line":30,"column":17}},"20":{"start":{"line":31,"column":4},"end":{"line":31,"column":11}},"21":{"start":{"line":33,"column":2},"end":{"line":33,"column":34}},"22":{"start":{"line":33,"column":19},"end":{"line":33,"column":34}},"23":{"start":{"line":34,"column":2},"end":{"line":38,"column":3}},"24":{"start":{"line":35,"column":4},"end":{"line":35,"column":18}},"25":{"start":{"line":36,"column":4},"end":{"line":37,"column":19}},"26":{"start":{"line":37,"column":6},"end":{"line":37,"column":19}},"27":{"start":{"line":39,"column":2},"end":{"line":50,"column":3}},"28":{"start":{"line":40,"column":4},"end":{"line":40,"column":17}},"29":{"start":{"line":41,"column":4},"end":{"line":41,"column":11}},"30":{"start":{"line":42,"column":4},"end":{"line":45,"column":5}},"31":{"start":{"line":43,"column":6},"end":{"line":43,"column":19}},"32":{"start":{"line":44,"column":6},"end":{"line":44,"column":13}},"33":{"start":{"line":46,"column":4},"end":{"line":49,"column":5}},"34":{"start":{"line":47,"column":6},"end":{"line":47,"column":19}},"35":{"start":{"line":48,"column":6},"end":{"line":48,"column":13}},"36":{"start":{"line":53,"column":2},"end":{"line":53,"column":33}},"37":{"start":{"line":53,"column":26},"end":{"line":53,"column":33}},"38":{"start":{"line":55,"column":2},"end":{"line":59,"column":3}},"39":{"start":{"line":57,"column":4},"end":{"line":58,"column":81}},"40":{"start":{"line":58,"column":74},"end":{"line":58,"column":81}},"41":{"start":{"line":61,"column":2},"end":{"line":61,"column":19}},"42":{"start":{"line":62,"column":2},"end":{"line":63,"column":21}},"43":{"start":{"line":62,"column":47},"end":{"line":62,"column":64}},"44":{"start":{"line":63,"column":7},"end":{"line":63,"column":21}},"45":{"start":{"line":66,"column":0},"end":{"line":69,"column":1}},"46":{"start":{"line":67,"column":2},"end":{"line":67,"column":113}},"47":{"start":{"line":67,"column":29},"end":{"line":67,"column":113}},"48":{"start":{"line":68,"column":2},"end":{"line":68,"column":44}},"49":{"start":{"line":71,"column":0},"end":{"line":73,"column":1}},"50":{"start":{"line":72,"column":2},"end":{"line":72,"column":69}},"51":{"start":{"line":75,"column":0},"end":{"line":77,"column":1}},"52":{"start":{"line":76,"column":2},"end":{"line":76,"column":28}},"53":{"start":{"line":79,"column":0},"end":{"line":100,"column":1}},"54":{"start":{"line":80,"column":2},"end":{"line":80,"column":23}},"55":{"start":{"line":80,"column":13},"end":{"line":80,"column":23}},"56":{"start":{"line":81,"column":2},"end":{"line":81,"column":27}},"57":{"start":{"line":82,"column":2},"end":{"line":82,"column":21}},"58":{"start":{"line":83,"column":2},"end":{"line":98,"column":3}},"59":{"start":{"line":84,"column":4},"end":{"line":84,"column":15}},"60":{"start":{"line":85,"column":4},"end":{"line":85,"column":21}},"61":{"start":{"line":86,"column":4},"end":{"line":97,"column":5}},"62":{"start":{"line":87,"column":6},"end":{"line":87,"column":21}},"63":{"start":{"line":88,"column":6},"end":{"line":96,"column":7}},"64":{"start":{"line":88,"column":21},"end":{"line":88,"column":27}},"65":{"start":{"line":89,"column":11},"end":{"line":96,"column":7}},"66":{"start":{"line":90,"column":8},"end":{"line":90,"column":43}},"67":{"start":{"line":90,"column":30},"end":{"line":90,"column":43}},"68":{"start":{"line":91,"column":8},"end":{"line":91,"column":14}},"69":{"start":{"line":93,"column":11},"end":{"line":96,"column":7}},"70":{"start":{"line":94,"column":8},"end":{"line":94,"column":26}},"71":{"start":{"line":95,"column":8},"end":{"line":95,"column":14}},"72":{"start":{"line":99,"column":2},"end":{"line":99,"column":22}},"73":{"start":{"line":102,"column":0},"end":{"line":109,"column":2}}},"branchMap":{"1":{"line":21,"type":"if","locations":[{"start":{"line":21,"column":2},"end":{"line":21,"column":2}},{"start":{"line":21,"column":2},"end":{"line":21,"column":2}}]},"2":{"line":25,"type":"binary-expr","locations":[{"start":{"line":25,"column":9},"end":{"line":25,"column":18}},{"start":{"line":25,"column":22},"end":{"line":25,"column":31}}]},"3":{"line":26,"type":"if","locations":[{"start":{"line":26,"column":4},"end":{"line":26,"column":4}},{"start":{"line":26,"column":4},"end":{"line":26,"column":4}}]},"4":{"line":27,"type":"if","locations":[{"start":{"line":27,"column":6},"end":{"line":27,"column":6}},{"start":{"line":27,"column":6},"end":{"line":27,"column":6}}]},"5":{"line":33,"type":"if","locations":[{"start":{"line":33,"column":2},"end":{"line":33,"column":2}},{"start":{"line":33,"column":2},"end":{"line":33,"column":2}}]},"6":{"line":34,"type":"if","locations":[{"start":{"line":34,"column":2},"end":{"line":34,"column":2}},{"start":{"line":34,"column":2},"end":{"line":34,"column":2}}]},"7":{"line":36,"type":"binary-expr","locations":[{"start":{"line":36,"column":11},"end":{"line":36,"column":17}},{"start":{"line":36,"column":21},"end":{"line":36,"column":30}},{"start":{"line":36,"column":34},"end":{"line":36,"column":43}}]},"8":{"line":39,"type":"if","locations":[{"start":{"line":39,"column":2},"end":{"line":39,"column":2}},{"start":{"line":39,"column":2},"end":{"line":39,"column":2}}]},"9":{"line":39,"type":"binary-expr","locations":[{"start":{"line":39,"column":6},"end":{"line":39,"column":16}},{"start":{"line":39,"column":20},"end":{"line":39,"column":30}}]},"10":{"line":42,"type":"if","locations":[{"start":{"line":42,"column":4},"end":{"line":42,"column":4}},{"start":{"line":42,"column":4},"end":{"line":42,"column":4}}]},"11":{"line":42,"type":"binary-expr","locations":[{"start":{"line":42,"column":8},"end":{"line":42,"column":18}},{"start":{"line":42,"column":22},"end":{"line":42,"column":32}}]},"12":{"line":46,"type":"binary-expr","locations":[{"start":{"line":46,"column":11},"end":{"line":46,"column":20}},{"start":{"line":46,"column":24},"end":{"line":46,"column":33}}]},"13":{"line":53,"type":"binary-expr","locations":[{"start":{"line":53,"column":9},"end":{"line":53,"column":11}},{"start":{"line":53,"column":15},"end":{"line":53,"column":24}}]},"14":{"line":55,"type":"if","locations":[{"start":{"line":55,"column":2},"end":{"line":55,"column":2}},{"start":{"line":55,"column":2},"end":{"line":55,"column":2}}]},"15":{"line":57,"type":"if","locations":[{"start":{"line":57,"column":4},"end":{"line":57,"column":4}},{"start":{"line":57,"column":4},"end":{"line":57,"column":4}}]},"16":{"line":57,"type":"binary-expr","locations":[{"start":{"line":57,"column":8},"end":{"line":57,"column":18}},{"start":{"line":57,"column":22},"end":{"line":57,"column":32}},{"start":{"line":57,"column":36},"end":{"line":57,"column":46}},{"start":{"line":58,"column":6},"end":{"line":58,"column":16}},{"start":{"line":58,"column":20},"end":{"line":58,"column":30}},{"start":{"line":58,"column":35},"end":{"line":58,"column":51}},{"start":{"line":58,"column":55},"end":{"line":58,"column":71}}]},"17":{"line":62,"type":"if","locations":[{"start":{"line":62,"column":2},"end":{"line":62,"column":2}},{"start":{"line":62,"column":2},"end":{"line":62,"column":2}}]},"18":{"line":62,"type":"binary-expr","locations":[{"start":{"line":62,"column":6},"end":{"line":62,"column":8}},{"start":{"line":62,"column":12},"end":{"line":62,"column":24}},{"start":{"line":62,"column":28},"end":{"line":62,"column":45}}]},"19":{"line":67,"type":"if","locations":[{"start":{"line":67,"column":2},"end":{"line":67,"column":2}},{"start":{"line":67,"column":2},"end":{"line":67,"column":2}}]},"20":{"line":68,"type":"binary-expr","locations":[{"start":{"line":68,"column":31},"end":{"line":68,"column":38}},{"start":{"line":68,"column":40},"end":{"line":68,"column":42}}]},"21":{"line":80,"type":"if","locations":[{"start":{"line":80,"column":2},"end":{"line":80,"column":2}},{"start":{"line":80,"column":2},"end":{"line":80,"column":2}}]},"22":{"line":88,"type":"if","locations":[{"start":{"line":88,"column":6},"end":{"line":88,"column":6}},{"start":{"line":88,"column":6},"end":{"line":88,"column":6}}]},"23":{"line":89,"type":"if","locations":[{"start":{"line":89,"column":11},"end":{"line":89,"column":11}},{"start":{"line":89,"column":11},"end":{"line":89,"column":11}}]},"24":{"line":89,"type":"binary-expr","locations":[{"start":{"line":89,"column":15},"end":{"line":89,"column":24}},{"start":{"line":89,"column":29},"end":{"line":89,"column":45}},{"start":{"line":89,"column":49},"end":{"line":89,"column":65}}]},"25":{"line":90,"type":"if","locations":[{"start":{"line":90,"column":8},"end":{"line":90,"column":8}},{"start":{"line":90,"column":8},"end":{"line":90,"column":8}}]},"26":{"line":93,"type":"if","locations":[{"start":{"line":93,"column":11},"end":{"line":93,"column":11}},{"start":{"line":93,"column":11},"end":{"line":93,"column":11}}]},"27":{"line":103,"type":"binary-expr","locations":[{"start":{"line":103,"column":7},"end":{"line":103,"column":13}},{"start":{"line":103,"column":17},"end":{"line":103,"column":21}}]}},"code":["/* Hjson http://hjson.org */","/* jslint node: true */","\"use strict\";","","var os=require('os'); // will be {} when used in a browser","","function tryParseNumber(text, stopAtNext) {","","  // try to parse a number","","  var number, string = '', leadingZeros = 0, testLeading = true;","  var at = 0;","  var ch;","  function next() {","    ch = text.charAt(at);","    at++;","    return ch;","  }","","  next();","  if (ch === '-') {","    string = '-';","    next();","  }","  while (ch >= '0' && ch <= '9') {","    if (testLeading) {","      if (ch == '0') leadingZeros++;","      else testLeading = false;","    }","    string += ch;","    next();","  }","  if (testLeading) leadingZeros--; // single 0 is allowed","  if (ch === '.') {","    string += '.';","    while (next() && ch >= '0' && ch <= '9')","      string += ch;","  }","  if (ch === 'e' || ch === 'E') {","    string += ch;","    next();","    if (ch === '-' || ch === '+') {","      string += ch;","      next();","    }","    while (ch >= '0' && ch <= '9') {","      string += ch;","      next();","    }","  }","","  // skip white/to (newline)","  while (ch && ch <= ' ') next();","","  if (stopAtNext) {","    // end scan if we find a punctuator character like ,}] or a comment","    if (ch === ',' || ch === '}' || ch === ']' ||","      ch === '#' || ch === '/' && (text[at] === '/' || text[at] === '*')) ch = 0;","  }","","  number = +string;","  if (ch || leadingZeros || !isFinite(number)) return undefined;","  else return number;","}","","function createComment(value, comment) {","  if (Object.defineProperty) Object.defineProperty(value, \"__COMMENTS__\", { enumerable: false, writable: true });","  return (value.__COMMENTS__ = comment||{});","}","","function removeComment(value) {","  Object.defineProperty(value, \"__COMMENTS__\", { value: undefined });","}","","function getComment(value) {","  return value.__COMMENTS__;","}","","function forceComment(text) {","  if (!text) return \"\";","  var a = text.split('\\n');","  var str, i, j, len;","  for (j = 0; j < a.length; j++) {","    str = a[j];","    len = str.length;","    for (i = 0; i < len; i++) {","      var c = str[i];","      if (c === '#') break;","      else if (c === '/' && (str[i+1] === '/' || str[i+1] === '*')) {","        if (str[i+1] === '*') j = a.length; // assume /**/ covers whole block, bail out","        break;","      }","      else if (c > ' ') {","        a[j] = '# ' + str;","        break;","      }","    }","  }","  return a.join('\\n');","}","","module.exports = {","  EOL: os.EOL || '\\n',","  tryParseNumber: tryParseNumber,","  createComment: createComment,","  removeComment: removeComment,","  getComment: getComment,","  forceComment: forceComment,","};",""],"l":{"5":1,"7":1,"11":0,"12":0,"13":0,"14":1,"15":0,"16":0,"17":0,"20":0,"21":0,"22":0,"23":0,"25":0,"26":0,"27":0,"28":0,"30":0,"31":0,"33":0,"34":0,"35":0,"36":0,"37":0,"39":0,"40":0,"41":0,"42":0,"43":0,"44":0,"46":0,"47":0,"48":0,"53":0,"55":0,"57":0,"58":0,"61":0,"62":0,"63":0,"66":1,"67":0,"68":0,"71":1,"72":0,"75":1,"76":0,"79":1,"80":0,"81":0,"82":0,"83":0,"84":0,"85":0,"86":0,"87":0,"88":0,"89":0,"90":0,"91":0,"93":0,"94":0,"95":0,"99":0,"102":1}},"/home/travis/build/npmtest/node-npmtest-hjson/node_modules/hjson/lib/hjson-version.js":{"path":"/home/travis/build/npmtest/node-npmtest-hjson/node_modules/hjson/lib/hjson-version.js","s":{"1":1},"b":{},"f":{},"fnMap":{},"statementMap":{"1":{"start":{"line":1,"column":0},"end":{"line":1,"column":23}}},"branchMap":{},"code":["module.exports=\"2.4.1\";",""],"l":{"1":1}},"/home/travis/build/npmtest/node-npmtest-hjson/node_modules/hjson/lib/hjson-parse.js":{"path":"/home/travis/build/npmtest/node-npmtest-hjson/node_modules/hjson/lib/hjson-parse.js","s":{"1":1,"2":0,"3":0,"4":0,"5":0,"6":0,"7":0,"8":0,"9":0,"10":1,"11":0,"12":0,"13":1,"14":0,"15":1,"16":0,"17":0,"18":0,"19":0,"20":0,"21":0,"22":1,"23":0,"24":0,"25":0,"26":1,"27":0,"28":1,"29":0,"30":0,"31":0,"32":0,"33":0,"34":0,"35":0,"36":0,"37":0,"38":0,"39":0,"40":0,"41":0,"42":0,"43":0,"44":0,"45":0,"46":0,"47":0,"48":0,"49":0,"50":0,"51":0,"52":0,"53":0,"54":0,"55":0,"56":1,"57":0,"58":0,"59":0,"60":0,"61":0,"62":0,"63":0,"64":1,"65":0,"66":0,"67":0,"68":0,"69":0,"70":0,"71":0,"72":0,"73":0,"74":0,"75":0,"76":0,"77":0,"78":0,"79":0,"80":0,"81":0,"82":0,"83":0,"84":0,"85":0,"86":0,"87":0,"88":0,"89":0,"90":0,"91":0,"92":0,"93":0,"94":1,"95":0,"96":0,"97":0,"98":0,"99":0,"100":0,"101":0,"102":0,"103":0,"104":0,"105":0,"106":0,"107":0,"108":0,"109":0,"110":0,"111":0,"112":0,"113":0,"114":0,"115":1,"116":0,"117":0,"118":0,"119":0,"120":0,"121":0,"122":0,"123":0,"124":0,"125":0,"126":0,"127":0,"128":0,"129":0,"130":0,"131":1,"132":0,"133":0,"134":0,"135":0,"136":0,"137":0,"138":0,"139":0,"140":0,"141":0,"142":0,"143":0,"144":0,"145":0,"146":0,"147":0,"148":0,"149":0,"150":0,"151":0,"152":0,"153":0,"154":0,"155":0,"156":0,"157":0,"158":0,"159":0,"160":0,"161":1,"162":0,"163":0,"164":0,"165":0,"166":0,"167":0,"168":0,"169":0,"170":0,"171":0,"172":0,"173":0,"174":0,"175":0,"176":0,"177":0,"178":0,"179":0,"180":1,"181":1,"182":0,"183":0,"184":0,"185":0,"186":0,"187":0,"188":0,"189":0,"190":0,"191":0,"192":0,"193":0,"194":0,"195":1,"196":0,"197":0,"198":0,"199":0,"200":0,"201":1,"202":0,"203":0,"204":0,"205":0,"206":0,"207":0,"208":0,"209":0,"210":0,"211":0,"212":0,"213":0,"214":0,"215":0,"216":0,"217":0,"218":0,"219":0,"220":0,"221":0,"222":0,"223":0,"224":0,"225":0,"226":0,"227":0,"228":0,"229":0,"230":0,"231":0,"232":0,"233":0,"234":0,"235":0,"236":0,"237":0,"238":1,"239":0,"240":0,"241":0,"242":0,"243":0,"244":0,"245":0,"246":0,"247":0,"248":0,"249":0,"250":0,"251":0,"252":0,"253":0,"254":0,"255":0,"256":0,"257":0,"258":0,"259":0,"260":0,"261":0,"262":0,"263":0,"264":0,"265":0,"266":0,"267":0,"268":0,"269":0,"270":0,"271":0,"272":0,"273":0,"274":0,"275":0,"276":0,"277":0,"278":0,"279":0,"280":0,"281":0,"282":0,"283":0,"284":0,"285":1,"286":0,"287":0,"288":0,"289":0,"290":0,"291":0,"292":1,"293":0,"294":0,"295":0,"296":0,"297":0,"298":0,"299":0,"300":0,"301":0,"302":0,"303":1,"304":0,"305":0,"306":0,"307":0,"308":0,"309":0,"310":0,"311":0,"312":0,"313":0,"314":0,"315":0,"316":0,"317":0,"318":0,"319":0,"320":0,"321":0,"322":0,"323":0,"324":0},"b":{"1":[0,0,0,0,0,0],"2":[0,0],"3":[0,0],"4":[0,0],"5":[0,0],"6":[0,0],"7":[0,0],"8":[0,0],"9":[0,0],"10":[0,0],"11":[0,0],"12":[0,0],"13":[0,0],"14":[0,0],"15":[0,0],"16":[0,0],"17":[0,0,0,0],"18":[0,0,0],"19":[0,0],"20":[0,0],"21":[0,0],"22":[0,0],"23":[0,0],"24":[0,0],"25":[0,0],"26":[0,0],"27":[0,0],"28":[0,0],"29":[0,0],"30":[0,0],"31":[0,0],"32":[0,0],"33":[0,0],"34":[0,0],"35":[0,0],"36":[0,0],"37":[0,0,0],"38":[0,0],"39":[0,0],"40":[0,0],"41":[0,0],"42":[0,0],"43":[0,0],"44":[0,0],"45":[0,0],"46":[0,0],"47":[0,0,0],"48":[0,0],"49":[0,0,0,0,0,0,0,0],"50":[0,0,0,0],"51":[0,0],"52":[0,0],"53":[0,0],"54":[0,0],"55":[0,0,0],"56":[0,0],"57":[0,0],"58":[0,0],"59":[0,0,0],"60":[0,0],"61":[0,0],"62":[0,0],"63":[0,0],"64":[0,0],"65":[0,0],"66":[0,0],"67":[0,0],"68":[0,0],"69":[0,0],"70":[0,0],"71":[0,0],"72":[0,0],"73":[0,0],"74":[0,0],"75":[0,0],"76":[0,0],"77":[0,0],"78":[0,0],"79":[0,0],"80":[0,0],"81":[0,0],"82":[0,0],"83":[0,0],"84":[0,0],"85":[0,0],"86":[0,0],"87":[0,0],"88":[0,0],"89":[0,0],"90":[0,0],"91":[0,0],"92":[0,0],"93":[0,0],"94":[0,0],"95":[0,0],"96":[0,0],"97":[0,0],"98":[0,0],"99":[0,0],"100":[0,0],"101":[0,0],"102":[0,0],"103":[0,0,0,0],"104":[0,0],"105":[0,0],"106":[0,0],"107":[0,0],"108":[0,0],"109":[0,0],"110":[0,0],"111":[0,0],"112":[0,0]},"f":{"1":0,"2":0,"3":0,"4":0,"5":0,"6":0,"7":0,"8":0,"9":0,"10":0,"11":0,"12":0,"13":0,"14":0,"15":0,"16":0,"17":0,"18":0,"19":0,"20":0,"21":0},"fnMap":{"1":{"name":"(anonymous_1)","line":5,"loc":{"start":{"line":5,"column":17},"end":{"line":5,"column":39}}},"2":{"name":"resetAt","line":27,"loc":{"start":{"line":27,"column":2},"end":{"line":27,"column":21}}},"3":{"name":"isPunctuatorChar","line":32,"loc":{"start":{"line":32,"column":2},"end":{"line":32,"column":31}}},"4":{"name":"error","line":37,"loc":{"start":{"line":37,"column":2},"end":{"line":37,"column":20}}},"5":{"name":"next","line":44,"loc":{"start":{"line":44,"column":2},"end":{"line":44,"column":18}}},"6":{"name":"peek","line":51,"loc":{"start":{"line":51,"column":2},"end":{"line":51,"column":22}}},"7":{"name":"string","line":56,"loc":{"start":{"line":56,"column":2},"end":{"line":56,"column":20}}},"8":{"name":"mlString","line":92,"loc":{"start":{"line":92,"column":2},"end":{"line":92,"column":22}}},"9":{"name":"skipIndent","line":104,"loc":{"start":{"line":104,"column":4},"end":{"line":104,"column":26}}},"10":{"name":"keyname","line":141,"loc":{"start":{"line":141,"column":2},"end":{"line":141,"column":21}}},"11":{"name":"white","line":165,"loc":{"start":{"line":165,"column":2},"end":{"line":165,"column":19}}},"12":{"name":"tfnns","line":180,"loc":{"start":{"line":180,"column":2},"end":{"line":180,"column":19}}},"13":{"name":"getComment","line":221,"loc":{"start":{"line":221,"column":2},"end":{"line":221,"column":34}}},"14":{"name":"errorClosingHint","line":244,"loc":{"start":{"line":244,"column":2},"end":{"line":244,"column":35}}},"15":{"name":"search","line":245,"loc":{"start":{"line":245,"column":4},"end":{"line":245,"column":31}}},"16":{"name":"report","line":266,"loc":{"start":{"line":266,"column":4},"end":{"line":266,"column":24}}},"17":{"name":"array","line":278,"loc":{"start":{"line":278,"column":2},"end":{"line":278,"column":19}}},"18":{"name":"object","line":324,"loc":{"start":{"line":324,"column":2},"end":{"line":324,"column":33}}},"19":{"name":"value","line":380,"loc":{"start":{"line":380,"column":2},"end":{"line":380,"column":19}}},"20":{"name":"checkTrailing","line":392,"loc":{"start":{"line":392,"column":2},"end":{"line":392,"column":31}}},"21":{"name":"rootValue","line":406,"loc":{"start":{"line":406,"column":2},"end":{"line":406,"column":23}}}},"statementMap":{"1":{"start":{"line":5,"column":0},"end":{"line":436,"column":2}},"2":{"start":{"line":7,"column":2},"end":{"line":7,"column":41}},"3":{"start":{"line":8,"column":2},"end":{"line":8,"column":35}},"4":{"start":{"line":10,"column":2},"end":{"line":10,"column":11}},"5":{"start":{"line":11,"column":2},"end":{"line":11,"column":9}},"6":{"start":{"line":12,"column":2},"end":{"line":12,"column":9}},"7":{"start":{"line":13,"column":2},"end":{"line":22,"column":4}},"8":{"start":{"line":24,"column":2},"end":{"line":24,"column":19}},"9":{"start":{"line":25,"column":2},"end":{"line":25,"column":13}},"10":{"start":{"line":27,"column":2},"end":{"line":30,"column":3}},"11":{"start":{"line":28,"column":4},"end":{"line":28,"column":11}},"12":{"start":{"line":29,"column":4},"end":{"line":29,"column":13}},"13":{"start":{"line":32,"column":2},"end":{"line":34,"column":3}},"14":{"start":{"line":33,"column":4},"end":{"line":33,"column":86}},"15":{"start":{"line":37,"column":2},"end":{"line":42,"column":3}},"16":{"start":{"line":38,"column":4},"end":{"line":38,"column":25}},"17":{"start":{"line":39,"column":4},"end":{"line":39,"column":60}},"18":{"start":{"line":40,"column":4},"end":{"line":40,"col
[...]
, no quote characters, and no","      // backslash characters, then we can safely slap some quotes around it.","      // Otherwise we first check if the string can be expressed in multiline","      // format or we must replace the offending characters with safe escape","      // sequences.","","      needsEscape.lastIndex = 0;","      needsEscapeML.lastIndex = 0;","      if (!needsEscape.test(string)) return wrap(token.qstr, string);","      else if (!needsEscapeML.test(string) && !isRootObject && multiline) return mlString(string, gap);","      else return wrap(token.qstr, quoteReplace(string));","    } else {","      // return without quotes","      return wrap(token.str, string);","    }","  }","","  function mlString(string, gap) {","    // wrap the string into the ''' (multiline) format","","    var i, a = string.replace(/\\r/g, \"\").split('\\n');","    gap += indent;","","    if (a.length === 1) {","      // The string contains only a single line. We still use the multiline","      // format as it avoids escaping the \\ character (e.g. when used in a","      // regex).","      return wrap(token.mstr, a[0]);","    } else {","      var res = eol + gap + token.mstr[0];","      for (i = 0; i < a.length; i++) {","        res += eol;","        if (a[i]) res += gap + a[i];","      }","      return res + eol + gap + token.mstr[1];","    }","  }","","  function quoteKey(name) {","    if (!name) return '\"\"';","","    // Check if we can insert this key without quotes","","    if (quoteKeys || needsEscapeName.test(name)) {","      needsEscape.lastIndex = 0;","      return wrap(token.qkey, needsEscape.test(name) ? quoteReplace(name) : name);","    } else {","      // return without quotes","      return wrap(token.key, name);","    }","  }","","  function str(value, hasComment, noIndent, isRootObject) {","    // Produce a string from value.","","    function startsWithNL(str) { return str && str[str[0] === '\\r' ? 1 : 0] === '\\n'; }","    function commentOnThisLine(str) { return str && !startsWithNL(str); }","    function makeComment(str, prefix, trim) {","      if (!str) return \"\";","      str = common.forceComment(str);","      var i, len = str.length;","      for (i = 0; i < len && str[i] <= ' '; i++) {}","      if (trim && i > 0) str = str.substr(i);","      if (i < len) return prefix + wrap(token.rem, str);","      else return str;","    }","","    // What happens next depends on the value's type.","","    // check for DSF","    var dsfValue = runDsf(value);","    if (dsfValue !== undefined) return wrap(token.dsf, dsfValue);","","    switch (typeof value) {","      case 'string':","        return quote(value, gap, hasComment, isRootObject);","","      case 'number':","        // JSON numbers must be finite. Encode non-finite numbers as null.","        return isFinite(value) ? wrap(token.num, String(value)) : wrap(token.lit, 'null');","","      case 'boolean':","        return wrap(token.lit, String(value));","","      case 'object':","        // If the type is 'object', we might be dealing with an object or an array or","        // null.","","        // Due to a specification blunder in ECMAScript, typeof null is 'object',","        // so watch out for that case.","","        if (!value) return wrap(token.lit, 'null');","","        var comments; // whitespace & comments","        if (keepComments) comments = common.getComment(value);","","        var isArray = Object.prototype.toString.apply(value) === '[object Array]';","","        // Make an array to hold the partial results of stringifying this object value.","        var mind = gap;","        gap += indent;","        var eolMind = eol + mind;","        var eolGap = eol + gap;","        var prefix = noIndent || bracesSameLine ? '' : eolMind;","        var partial = [];","","        var i, length; // loop","        var k, v; // key, value","        var c, ca;","","        if (isArray) {","          // The value is an array. Stringify every element. Use null as a placeholder","          // for non-JSON values.","","          for (i = 0, length = value.length; i < length; i++) {","            if (comments) {","              c = comments.a[i]||[];","              ca = commentOnThisLine(c[1]);","              partial.push(makeComment(c[0], \"\\n\") + eolGap);","            }","            partial.push(str(value[i], comments ? ca : false, true) + (i < length -1 ? separator : '') || wrap(token.lit, 'null'));","            if (comments && c[1]) partial.push(makeComment(c[1], ca ? \" \" : \"\\n\", ca));","          }","","          if (comments) {","            if (length === 0) {","              // when empty","              partial.push((comments.e ? makeComment(comments.e[0], \"\\n\") : \"\") + eolMind);","            }","            else partial.push(eolMind);","          }","","          // Join all of the elements together, separated with newline, and wrap them in","          // brackets.","","          if (comments) v = prefix + wrap(token.arr, partial.join(''));","          else if (partial.length === 0) v = wrap(token.arr, '');","          else v = prefix + wrap(token.arr, eolGap + partial.join(eolGap) + eolMind);","        } else {","          // Otherwise, iterate through all of the keys in the object.","          var keys;","","          if (comments) {","            keys = comments.o.slice();","            for (k in value) {","              if (Object.prototype.hasOwnProperty.call(value, k) && keys.indexOf(k) < 0)","                keys.push(k);","            }","","            for (i = 0, length = keys.length; i < length; i++) {","              k = keys[i];","              c = comments.c[k]||[];","              ca = commentOnThisLine(c[1]);","              partial.push(makeComment(c[0], \"\\n\") + eolGap);","","              v = str(value[k], ca);","              if (v) partial.push(quoteKey(k) + token.col + (startsWithNL(v) ? '' : ' ') + v + (i < length - 1 ? separator : ''));","              if (comments && c[1]) partial.push(makeComment(c[1], ca ? \" \" : \"\\n\", ca));","            }","            if (length === 0) {","              // when empty","              partial.push((comments.e ? makeComment(comments.e[0], \"\\n\") : \"\") + eolMind);","            }","            else partial.push(eolMind);","","          } else {","            keys = Object.keys(value);","","            for (i = 0, length = keys.length; i < length; i++) {","              k = keys[i];","              if (Object.prototype.hasOwnProperty.call(value, k)) {","                v = str(value[k]);","                if (v) partial.push(quoteKey(k) + token.col + (startsWithNL(v) ? '' : ' ') + v + (i < length - 1 ? separator : ''));","              }","            }","          }","","          // Join all of the member texts together, separated with newlines","          if (partial.length === 0) {","            v = wrap(token.obj, '');","          } else {","            // and wrap them in braces","            if (comments) v = prefix + wrap(token.obj, partial.join(''));","            else v = prefix + wrap(token.obj, eolGap + partial.join(eolGap) + eolMind);","          }","        }","","        gap = mind;","        return v;","    }","  }","","","  runDsf = dsf.loadDsf(dsfDef, 'stringify');","","  var res = \"\";","  var comments = keepComments ? comments = (common.getComment(data) || {}).r : null;","  if (comments && comments[0]) res = comments[0] + '\\n';","","  // get the result of stringifying the data.","  res += str(data, null, true, true);","","  if (comments) res += comments[1]||\"\";","","  return res;","};","","},{\"./hjson-common\":2,\"./hjson-dsf\":3}],6:[function(require,module,exports){","module.exports=\"2.4.1\";","","},{}],7:[function(require,module,exports){","/*! @preserve"," * Hjson v2.4.1"," * http://hjson.org"," *"," * Copyright 2014-2016 Christian Zangl, MIT license"," * Details and documentation:"," * https://github.com/hjson/hjson-js"," *"," * This code is based on the the JSON version by Douglas Crockford:"," * https://github.com/douglascrockford/JSON-js (json_parse.js, json2.js)"," */","","/*","","  This file creates a Hjson object:","","","    Hjson.parse(text, options)","","      options {","        keepWsc     boolean, keep white space and comments. This is useful","                    if you want to edit an hjson file and save it while","                    preserving comments (default false)","","        dsf         array of DSF (see Hjson.dsf)","      }","","      This method parses Hjson text to produce an object or array.","      It can throw a SyntaxError exception.","","","    Hjson.stringify(value, options)","","      value         any JavaScript value, usually an object or array.","","      options {     all options are","","        keepWsc     boolean, keep white space. See parse.","","        bracesSameLine","                    boolean, makes braces appear on the same line as the key","                    name. Default false.","","        emitRootBraces","                    obsolete: will always emit braces","","        quotes      string, controls how strings are displayed.","                    setting separator implies \"strings\"","                    \"min\"     - no quotes whenever possible (default)","                    \"keys\"    - use quotes around keys","                    \"strings\" - use quotes around string values","                    \"all\"     - use quotes around keys and string values","","        multiline   string, controls how multiline strings are displayed.","                    setting quotes implies \"off\"","                    \"std\"     - strings containing \\n are shown in","                                multiline format (default)","                    \"no-tabs\" - like std but disallow tabs","                    \"off\"     - show in JSON format","","        separator   boolean, output a comma separator between elements. Default false.","","        space       specifies the indentation of nested structures. If it is","                    a number, it will specify the number of spaces to indent","                    at each level. If it is a string (such as '\\t' or '  '),","                    it contains the characters used to indent at each level.","","        eol         specifies the EOL sequence (default is set by","                    Hjson.setEndOfLine())","","        colors      boolean, output ascii color codes","","        dsf         array of DSF (see Hjson.dsf)","      }","","      This method produces Hjson text from a JavaScript value.","","      Values that do not have JSON representations, such as undefined or","      functions, will not be serialized. Such values in objects will be","      dropped; in arrays they will be replaced with null.","      stringify(undefined) returns undefined.","","","    Hjson.endOfLine()","    Hjson.setEndOfLine(eol)","","      Gets or sets the stringify EOL sequence ('\\n' or '\\r\\n').","      When running with node.js this defaults to os.EOL.","","","    Hjson.rt { parse, stringify }","","      This is a shortcut to roundtrip your comments when reading and updating","      a config file. It is the same as specifying the keepWsc option for the","      parse and stringify functions.","","","    Hjson.version","","      The version of this library.","","","    Hjson.dsf","","      Domain specific formats are extensions to the Hjson syntax (see","      hjson.org). These formats will be parsed and made available to","      the application in place of strings (e.g. enable math to allow","      NaN values).","","      Hjson.dsf ontains standard DSFs that can be passed to parse","      and stringify.","","","    Hjson.dsf.math()","","      Enables support for Inf/inf, -Inf/-inf, Nan/naN and -0.","      Will output as Inf, -Inf, NaN and -0.","","","    Hjson.dsf.hex(options)","","      Parse hexadecimal numbers prefixed with 0x.","      set options.out = true to stringify _all_ integers as hex.","","","    Hjson.dsf.date(options)","","      support ISO dates","","","  This is a reference implementation. You are free to copy, modify, or","  redistribute.","","*/","","/*jslint node: true */","\"use strict\";","","var common = require(\"./hjson-common\");","var version = require(\"./hjson-version\");","var parse = require(\"./hjson-parse\");","var stringify = require(\"./hjson-stringify\");","var comments = require(\"./hjson-comments\");","var dsf = require(\"./hjson-dsf\");","","module.exports={","","  parse: parse,","  stringify: stringify,","","  endOfLine: function() { return common.EOL; },","  setEndOfLine: function(eol) {","    if (eol === '\\n' || eol === '\\r\\n') common.EOL = eol;","  },","","  version: version,","","  // round trip shortcut","  rt: {","    parse: function(text, options) {","      (options=options||{}).keepWsc=true;","      return parse(text, options);","    },","    stringify: function(value, options) {","      (options=options||{}).keepWsc=true;","      return stringify(value, options);","    },","  },","","  comments: comments,","","  dsf: dsf.std,","","};","","},{\"./hjson-comments\":1,\"./hjson-common\":2,\"./hjson-dsf\":3,\"./hjson-parse\":4,\"./hjson-stringify\":5,\"./hjson-version\":6}],8:[function(require,module,exports){","","},{}]},{},[7])(7)","});"],"l":{"1":10,"6":1,"8":1,"9":0,"10":0,"11":0,"12":0,"13":0,"16":1,"18":0,"19":0,"20":0,"22":0,"23":0,"24":0,"25":0,"26":0,"27":0,"28":0,"30":0,"31":0,"32":0,"35":0,"38":0,"39":0,"40":0,"41":0,"42":0,"43":0,"45":0,"46":0,"49":0,"50":0,"51":0,"52":0,"54":0,"55":0,"56":0,"60":0,"61":0,"64":0,"67":1,"68":0,"69":0,"70":0,"71":0,"72":0,"75":0,"78":1,"79":0,"80":0,"83":0,"84":0,"85":0,"86":0,"87":0,"89":0,"93":1,"94":0,"95":0,"96":0,"99":1,"100":0,"101":0,"102":0,"105":1,"107":0,"109":0,"111":0,"113":0,"114":0,"115":0,"116":0,"117":0,"118":0,"121":0,"123":0,"124":0,"125":0,"126":0,"127":0,"128":0,"133":0,"134":0,"137":1,"139":0,"140":0,"141":0,"142":0,"145":0,"146":0,"148":0,"149":0,"151":0,"152":0,"153":0,"154":0,"155":0,"156":0,"157":0,"158":0,"159":0,"161":0,"162":0,"165":0,"167":0,"168":0,"169":0,"170":0,"171":0,"172":0,"173":0,"174":0,"175":0,"176":0,"178":0,"179":0,"180":0,"183":0,"187":1,"188":0,"189":0,"190":0,"191":0,"194":1,"195":0,"197":0,"198":0,"206":1,"208":1,"212":0,"213":0,"214":0,"215":1,"216":0,"217":0,"218":0,"221":0,"222":0,"223":0,"224":0,"226":0,"227":0,"228":0,"229":0,"231":0,"232":0,"234":0,"235":0,"236":0,"237":0,"238":0,"240":0,"241":0,"242":0,"243":0,"244":0,"245":0,"247":0,"248":0,"249":0,"254":0,"256":0,"258":0,"259":0,"262":0,"263":0,"264":0,"267":1,"268":0,"269":0,"272":1,"273":0,"276":1,"277":0,"280":1,"281":0,"282":0,"283":0,"284":0,"285":0,"286":0,"287":0,"288":0,"289":0,"290":0,"291":0,"292":0,"294":0,"295":0,"296":0,"300":0,"303":1,"317":1,"319":0,"320":0,"321":0,"322":0,"324":0,"325":1,"327":0,"328":0,"329":0,"330":0,"331":0,"332":0,"333":0,"334":0,"335":0,"337":0,"340":0,"341":0,"342":0,"343":0,"345":0,"350":0,"353":1,"354":0,"355":0,"356":0,"357":0,"362":1,"365":1,"366":0,"370":1,"371":0,"374":0,"378":0,"380":0,"382":0,"386":0,"387":0,"388":0,"389":0,"390":0,"394":1,"396":1,"397":0,"398":0,"401":0,"402":0,"405":0,"406":0,"410":1,"412":1,"413":0,"416":0,"418":0,"419":0,"423":0,"424":0,"425":0,"426":0,"431":1,"433":1,"447":1,"449":0,"450":0,"452":0,"453":0,"454":0,"455":0,"466":0,"467":0,"469":1,"470":0,"471":0,"474":1,"475":0,"479":1,"480":0,"481":0,"482":0,"483":0,"486":1,"488":0,"489":0,"490":0,"493":1,"495":0,"498":1,"500":0,"503":0,"504":0,"505":0,"506":0,"507":0,"509":0,"510":0,"511":0,"512":0,"513":0,"514":0,"515":0,"516":0,"517":0,"518":0,"519":0,"520":0,"522":0,"523":0,"524":0,"525":0,"527":0,"531":0,"534":1,"536":0,"539":0,"540":0,"541":0,"542":0,"543":0,"546":1,"547":0,"548":0,"552":0,"553":0,"556":0,"557":0,"558":0,"559":0,"560":0,"561":0,"562":0,"563":0,"564":0,"565":0,"567":0,"568":0,"569":0,"572":0,"573":0,"574":0,"575":0,"577":0,"578":0,"583":1,"587":0,"589":0,"590":0,"591":0,"592":0,"593":0,"594":0,"595":0,"596":0,"597":0,"598":0,"599":0,"601":0,"603":0,"607":1,"608":0,"610":0,"612":0,"613":0,"614":0,"615":0,"616":0,"617":0,"618":0,"622":1,"625":0,"626":0,"627":0,"629":0,"630":0,"631":0,"632":0,"633":0,"641":0,"642":0,"643":0,"644":0,"645":0,"647":0,"648":0,"649":0,"652":0,"654":0,"655":0,"656":0,"659":0,"663":1,"664":0,"665":0,"668":0,"669":0,"670":0,"671":0,"673":0,"674":0,"675":0,"676":0,"677":0,"678":0,"679":0,"680":0,"683":0,"686":1,"687":1,"688":0,"689":0,"691":0,"692":0,"694":0,"695":0,"696":0,"699":0,"700":0,"701":0,"705":0,"708":1,"709":0,"710":0,"711":0,"714":0,"717":0,"720":1,"724":0,"725":0,"726":0,"727":0,"729":0,"730":0,"731":0,"732":0,"733":0,"734":0,"735":0,"736":0,"739":0,"740":0,"741":0,"742":0,"745":0,"746":0,"747":0,"748":0,"749":0,"751":0,"752":0,"753":0,"754":0,"756":0,"759":0,"761":0,"762":0,"766":1,"769":0,"770":0,"772":0,"773":0,"775":0,"777":0,"778":0,"779":0,"781":0,"782":0,"783":0,"784":0,"785":0,"786":0,"788":0,"789":0,"790":0,"791":0,"792":0,"794":0,"795":0,"796":0,"799":0,"800":0,"801":0,"802":0,"803":0,"804":0,"806":0,"807":0,"808":0,"809":0,"811":0,"814":0,"815":0,"817":0,"818":0,"822":1,"825":0,"826":0,"827":0,"828":0,"829":0,"830":0,"834":1,"835":0,"836":0,"837":0,"838":0,"839":0,"840":0,"841":0,"842":0,"845":0,"848":1,"850":0,"851":0,"852":0,"853":0,"854":0,"857":0,"859":0,"862":0,"863":0,"864":0,"868":0,"869":0,"870":0,"871":0,"872":0,"874":0,"875":0,"876":0,"877":0,"885":1,"887":0,"888":0,"891":0,"892":0,"893":0,"894":0,"895":0,"896":0,"897":0,"898":0,"899":0,"900":0,"917":0,"918":0,"920":0,"921":0,"922":0,"923":0,"924":0,"925":0,"926":0,"927":0,"928":0,"933":0,"934":0,"935":0,"936":0,"939":0,"940":0,"960":0,"962":0,"964":0,"966":0,"968":0,"970":0,"971":0,"981":0,"982":0,"984":1,"986":1,"987":0,"988":0,"989":0,"990":0,"994":1,"995":0,"997":0,"998":0,"1003":0,"1014":0,"1015":0,"1016":0,"1017":0,"1018":0,"1021":0,"1025":1,"1028":0,"1029":0,"1031":0,"1035":0,"1037":0,"1038":0,"1039":0,"1040":0,"1042":0,"1046":1,"1047":0,"1051":0,"1052":0,"1053":0,"1056":0,"1060":1,"1063":1,"1064":1,"1065":1,"1066":0,"1067":0,"1068":0,"1069":0,"1070":0,"1071":0,"1072":0,"1078":0,"1079":0,"1081":0,"1083":0,"1087":0,"1090":0,"1099":0,"1101":0,"1102":0,"1104":0,"1107":0,"1108":0,"1109":0,"1110":0,"1111":0,"1112":0,"1114":0,"1115":0,"1116":0,"1118":0,"1122":0,"1123":0,"1124":0,"1125":0,"1126":0,"1128":0,"1129":0,"1132":0,"1133":0,"1135":0,"1137":0,"1143":0,"1144":0,"1145":0,"1148":0,"1150":0,"1151":0,"1152":0,"1153":0,"1154":0,"1157":0,"1158":0,"1159":0,"1160":0,"1161":0,"1163":0,"1164":0,"1165":0,"1167":0,"1169":0,"1171":0,"1174":0,"1176":0,"1177":0,"1178":0,"1179":0,"1180":0,"1186":0,"1187":0,"1190":0,"1191":0,"1195":0,"1196":0,"1201":0,"1203":0,"1204":0,"1205":0,"1208":0,"1210":0,"1212":0,"1216":1,"1357":1,"1358":1,"1359":1,"1360":1,"1361":1,"1362":1,"1364":1,"1369":0,"1371":0,"1379":0,"1380":0,"1383":0,"1384":0}},"/home/travis/build/npmtest/node-npmtest-hjson/node_modules/hjson/lib/require-config.js":{"path":"/home/travis/build/npmtest/node-npmtest-hjson/node_modules/hjson/lib/require-config.js","s":{"1":1,"2":1,"3":1,"4":0,"5":0},"b":{},"f":{"1":0},"fnMap":{"1":{"name":"(anonymous_1)","line":8,"loc":{"start":{"line":8,"column":29},"end":{"line":8,"column":56}}}},"statementMap":{"1":{"start":{"line":1,"column":0},"end":{"line":1,"column":21}},"2":{"start":{"line":2,"column":0},"end":{"line":2,"column":29}},"3":{"start":{"line":8,"column":0},"end":{"line":11,"column":2}},"4":{"start":{"line":9,"column":2},"end":{"line":9,"column":48}},"5":{"start":{"line":10,"column":2},"end":{"line":10,"column":38}}},"branchMap":{},"code":["var fs=require(\"fs\");","var Hjson=require(\"./hjson\");","","// allows you to require a hjson file, e.g.:","// require(\"hjson/lib/require-config\");","// var cfg=require(\"./test.hjson\");","","require.extensions[\".hjson\"]=function(module, filename) {","  var content=fs.readFileSync(filename, \"utf8\");","  module.exports=Hjson.parse(content);","};",""],"l":{"1":1,"2":1,"8":1,"9":0,"10":0}}}